🔍 Watchdog v3 - Detect → Fix → Report
✅ Gateway running (PID: 3055743)
✅ Disk OK: 47%
✅ active-tasks.md fresh (1h)
✅ Jobs data fresh (10h)
✅ SIE 360 data fresh (11h)
✅ Pipeline lock active (1m, still valid)
🟡 1 crons with issues
✅ RAM OK: 32%

═══════════════════════════════════
📊 Watchdog v3 Summary
  Fixes applied: 0
  Warnings: 1
  Alerts (need human): 0
═══════════════════════════════════
🔍 Watchdog v3 - Detect → Fix → Report
✅ Gateway running (PID: 3055743)
✅ Disk OK: 47%
✅ active-tasks.md fresh (0h)
✅ Jobs data fresh (1h)
✅ SIE 360 data fresh (13h)
✅ Pipeline lock active (0m, still valid)
🟡 2 crons with issues
✅ RAM OK: 40%

═══════════════════════════════════
📊 Watchdog v3 Summary
  Fixes applied: 0
  Warnings: 1
  Alerts (need human): 0
═══════════════════════════════════
🔍 Watchdog v3 - Detect → Fix → Report
✅ Gateway running (PID: 3063949)
✅ Disk OK: 47%
✅ active-tasks.md fresh (2h)
✅ Jobs data fresh (3h)
✅ SIE 360 data fresh (15h)
✅ Pipeline lock active (0m, still valid)
🟡 1 crons with issues
✅ RAM OK: 30%

═══════════════════════════════════
📊 Watchdog v3 Summary
  Fixes applied: 0
  Warnings: 1
  Alerts (need human): 0
═══════════════════════════════════
🔍 Watchdog v3 - Detect → Fix → Report
✅ Gateway running (PID: 3063949)
✅ Disk OK: 47%
✅ active-tasks.md fresh (4h)
✅ Jobs data fresh (5h)
✅ SIE 360 data fresh (17h)
✅ Pipeline lock active (0m, still valid)
🟡 1 crons with issues
✅ RAM OK: 40%

═══════════════════════════════════
📊 Watchdog v3 Summary
  Fixes applied: 0
  Warnings: 1
  Alerts (need human): 0
═══════════════════════════════════
🔍 Watchdog v3 - Detect → Fix → Report
✅ Gateway running (PID: 3063949)
✅ Disk OK: 47%
✅ active-tasks.md fresh (6h)
✅ Jobs data fresh (7h)
✅ SIE 360 data fresh (19h)
✅ Pipeline lock active (0m, still valid)
🟡 2 crons with issues
✅ RAM OK: 34%

═══════════════════════════════════
📊 Watchdog v3 Summary
  Fixes applied: 0
  Warnings: 1
  Alerts (need human): 0
═══════════════════════════════════
🔍 Watchdog v3 - Detect → Fix → Report
✅ Gateway running (PID: 3070576)
✅ Disk OK: 47%
✅ active-tasks.md fresh (8h)
✅ Jobs data fresh (9h)
✅ SIE 360 data fresh (0h)
✅ Pipeline lock active (0m, still valid)
🟡 2 crons with issues
✅ No pipeline failures today
✅ RAM OK: 27%

═══════════════════════════════════
📊 Watchdog v3 Summary
  Fixes applied: 0
  Warnings: 1
  Alerts (need human): 0
═══════════════════════════════════
🔍 Watchdog v3 - Detect → Fix → Report
✅ Gateway running (PID: 3070576)
✅ Disk OK: 47%
✅ active-tasks.md fresh (10h)
✅ Jobs data fresh (11h)
✅ SIE 360 data fresh (2h)
✅ Pipeline lock active (0m, still valid)
🟡 2 crons with issues
✅ No pipeline failures today
✅ RAM OK: 33%

═══════════════════════════════════
📊 Watchdog v3 Summary
  Fixes applied: 0
  Warnings: 1
  Alerts (need human): 0
═══════════════════════════════════
🔍 Watchdog v3 - Detect → Fix → Report
✅ Gateway running (PID: 3070576)
✅ Disk OK: 47%
✅ active-tasks.md fresh (12h)
✅ Jobs data fresh (13h)
✅ SIE 360 data fresh (1h)
✅ Pipeline lock active (0m, still valid)
🟡 2 crons with issues
  Re-triggered cron: 48e061a6-5771-42a5-9e63-ae7b10ab24f6
✅ No pipeline failures today
✅ RAM OK: 33%

═══════════════════════════════════
📊 Watchdog v3 Summary
  Fixes applied: 1
  Warnings: 1
  Alerts (need human): 0
═══════════════════════════════════

📋 Actions taken:

🔍 Watchdog v3 - Detect → Fix → Report
✅ Gateway running (PID: 3070576)
✅ Disk OK: 47%
✅ active-tasks.md fresh (14h)
✅ Jobs data fresh (15h)
✅ SIE 360 data fresh (3h)
✅ Pipeline lock active (0m, still valid)
✅ All crons OK
✅ No pipeline failures today
✅ RAM OK: 38%

═══════════════════════════════════
📊 Watchdog v3 Summary
  Fixes applied: 0
  Warnings: 0
  Alerts (need human): 0
═══════════════════════════════════
🔍 Watchdog v3 - Detect → Fix → Report
✅ Gateway running (PID: 3070576)
✅ Disk OK: 47%
✅ active-tasks.md fresh (16h)
✅ Jobs data fresh (1h)
✅ SIE 360 data fresh (5h)
✅ Pipeline lock active (0m, still valid)
🟡 1 crons with issues
  Re-triggered cron: 7ba5f8f7-6eec-4301-bfa6-185dee16e778
✅ No pipeline failures today
✅ RAM OK: 41%

═══════════════════════════════════
📊 Watchdog v3 Summary
  Fixes applied: 1
  Warnings: 1
  Alerts (need human): 0
═══════════════════════════════════

📋 Actions taken:

🔍 Watchdog v3 - Detect → Fix → Report
✅ Gateway running (PID: 3070576)
✅ Disk OK: 47%
✅ active-tasks.md fresh (18h)
✅ Jobs data fresh (3h)
✅ SIE 360 data fresh (7h)
✅ Pipeline lock active (0m, still valid)
🟡 2 crons with issues
  Re-triggered cron: 7ba5f8f7-6eec-4301-bfa6-185dee16e778
  Re-triggered cron: d87f2c6c-20ab-42f4-aa83-47cc086e9b04
✅ No pipeline failures today
✅ RAM OK: 45%

═══════════════════════════════════
📊 Watchdog v3 Summary
  Fixes applied: 2
  Warnings: 1
  Alerts (need human): 0
═══════════════════════════════════

📋 Actions taken:

🔍 Watchdog v3 - Detect → Fix → Report
✅ Gateway running (PID: 3070576)
✅ Disk OK: 47%
✅ active-tasks.md fresh (20h)
✅ Jobs data fresh (5h)
✅ SIE 360 data fresh (9h)
✅ Pipeline lock active (0m, still valid)
🟡 2 crons with issues
  Re-triggered cron: 7ba5f8f7-6eec-4301-bfa6-185dee16e778
  Re-triggered cron: d87f2c6c-20ab-42f4-aa83-47cc086e9b04
✅ No pipeline failures today
✅ RAM OK: 47%

═══════════════════════════════════
📊 Watchdog v3 Summary
  Fixes applied: 2
  Warnings: 1
  Alerts (need human): 0
═══════════════════════════════════

📋 Actions taken:

🔍 Watchdog v3 - Detect → Fix → Report
✅ Gateway running (PID: 3070576)
✅ Disk OK: 47%
✅ active-tasks.md fresh (22h)
✅ Jobs data fresh (7h)
✅ SIE 360 data fresh (11h)
✅ Pipeline lock active (0m, still valid)
🟡 2 crons with issues
✅ No pipeline failures today
✅ RAM OK: 48%

═══════════════════════════════════
📊 Watchdog v3 Summary
  Fixes applied: 0
  Warnings: 1
  Alerts (need human): 0
═══════════════════════════════════
🔍 Watchdog v3 - Detect → Fix → Report
✅ Gateway running (PID: 3093257)
✅ Disk OK: 47%
✅ active-tasks.md fresh (24h)
✅ Jobs data fresh (0h)
✅ SIE 360 data fresh (13h)
✅ Pipeline lock active (0m, still valid)
🟡 2 crons with issues
✅ No pipeline failures today
✅ RAM OK: 31%

═══════════════════════════════════
📊 Watchdog v3 Summary
  Fixes applied: 0
  Warnings: 1
  Alerts (need human): 0
═══════════════════════════════════
🔍 Watchdog v3 - Detect → Fix → Report
✅ Gateway running (PID: 3093257)
✅ Disk OK: 47%
✅ active-tasks.md fresh (26h)
✅ Jobs data fresh (2h)
✅ SIE 360 data fresh (15h)
✅ Pipeline lock active (0m, still valid)
🟡 2 crons with issues
  Re-triggered cron: 7ba5f8f7-6eec-4301-bfa6-185dee16e778
  Re-triggered cron: d87f2c6c-20ab-42f4-aa83-47cc086e9b04
✅ No pipeline failures today
✅ RAM OK: 37%

═══════════════════════════════════
📊 Watchdog v3 Summary
  Fixes applied: 2
  Warnings: 1
  Alerts (need human): 0
═══════════════════════════════════

📋 Actions taken:

🔍 Watchdog v3 - Detect → Fix → Report
✅ Gateway running (PID: 3093257)
✅ Disk OK: 47%
✅ active-tasks.md fresh (28h)
✅ Jobs data fresh (4h)
✅ SIE 360 data fresh (17h)
✅ Pipeline lock active (0m, still valid)
🟡 2 crons with issues
  Re-triggered cron: 7ba5f8f7-6eec-4301-bfa6-185dee16e778
  Re-triggered cron: d87f2c6c-20ab-42f4-aa83-47cc086e9b04
✅ No pipeline failures today
✅ RAM OK: 55%

═══════════════════════════════════
📊 Watchdog v3 Summary
  Fixes applied: 2
  Warnings: 1
  Alerts (need human): 0
═══════════════════════════════════

📋 Actions taken:

🔍 Watchdog v3 - Detect → Fix → Report
✅ Gateway running (PID: 3097557)
✅ Disk OK: 47%
✅ active-tasks.md fresh (30h)
✅ Jobs data fresh (6h)
✅ SIE 360 data fresh (19h)
✅ Pipeline lock active (0m, still valid)
🟡 1 crons with issues
  Re-triggered cron: d87f2c6c-20ab-42f4-aa83-47cc086e9b04
✅ No pipeline failures today
✅ RAM OK: 42%

═══════════════════════════════════
📊 Watchdog v3 Summary
  Fixes applied: 1
  Warnings: 1
  Alerts (need human): 0
═══════════════════════════════════

📋 Actions taken:

🔍 Watchdog v3 - Detect → Fix → Report
✅ Gateway running (PID: 3100185)
✅ Disk OK: 47%
✅ active-tasks.md fresh (32h)
✅ Jobs data fresh (8h)
✅ SIE 360 data fresh (0h)
✅ Pipeline lock active (0m, still valid)
🟡 1 crons with issues
  Re-triggered cron: d87f2c6c-20ab-42f4-aa83-47cc086e9b04
✅ No pipeline failures today
✅ RAM OK: 34%

═══════════════════════════════════
📊 Watchdog v3 Summary
  Fixes applied: 1
  Warnings: 1
  Alerts (need human): 0
═══════════════════════════════════

📋 Actions taken:

🔍 Watchdog v3 - Detect → Fix → Report
✅ Gateway running (PID: 3137462)
✅ Disk OK: 47%
✅ active-tasks.md fresh (34h)
✅ Jobs data fresh (1h)
✅ SIE 360 data fresh (2h)
✅ Pipeline lock active (0m, still valid)
🟡 2 crons with issues
✅ No pipeline failures today
✅ RAM OK: 37%

═══════════════════════════════════
📊 Watchdog v3 Summary
  Fixes applied: 0
  Warnings: 1
  Alerts (need human): 0
═══════════════════════════════════
🔍 Watchdog v3 - Detect → Fix → Report
✅ Gateway running (PID: 3137462)
✅ Disk OK: 47%
✅ active-tasks.md fresh (36h)
✅ Jobs data fresh (3h)
✅ SIE 360 data fresh (4h)
✅ Pipeline lock active (0m, still valid)
🟡 1 crons with issues
  Re-triggered cron: d87f2c6c-20ab-42f4-aa83-47cc086e9b04
✅ No pipeline failures today
✅ RAM OK: 44%

═══════════════════════════════════
📊 Watchdog v3 Summary
  Fixes applied: 1
  Warnings: 1
  Alerts (need human): 0
═══════════════════════════════════

📋 Actions taken:

🔍 Watchdog v3 - Detect → Fix → Report
✅ Gateway running (PID: 3137462)
✅ Disk OK: 47%
✅ active-tasks.md fresh (38h)
✅ Jobs data fresh (1h)
✅ SIE 360 data fresh (6h)
✅ Pipeline lock active (0m, still valid)
🟡 2 crons with issues
✅ No pipeline failures today
✅ RAM OK: 52%

═══════════════════════════════════
📊 Watchdog v3 Summary
  Fixes applied: 0
  Warnings: 1
  Alerts (need human): 0
═══════════════════════════════════
🔍 Watchdog v3 - Detect → Fix → Report
✅ Gateway running (PID: 3230428)
✅ Disk OK: 47%
✅ active-tasks.md fresh (40h)
✅ Jobs data fresh (3h)
✅ SIE 360 data fresh (8h)
✅ Pipeline lock active (0m, still valid)
🟡 2 crons with issues
✅ No pipeline failures today
✅ RAM OK: 40%

═══════════════════════════════════
📊 Watchdog v3 Summary
  Fixes applied: 0
  Warnings: 1
  Alerts (need human): 0
═══════════════════════════════════
🔍 Watchdog v3 - Detect → Fix → Report
✅ Gateway running (PID: 3230428)
✅ Disk OK: 47%
✅ active-tasks.md fresh (42h)
✅ Jobs data fresh (1h)
✅ SIE 360 data fresh (10h)
✅ Pipeline lock active (0m, still valid)
🟡 2 crons with issues
  Re-triggered cron: 21424ce1-0b7d-451e-9757-5135149d5c8a
  Re-triggered cron: d87f2c6c-20ab-42f4-aa83-47cc086e9b04
✅ No pipeline failures today
✅ RAM OK: 47%

═══════════════════════════════════
📊 Watchdog v3 Summary
  Fixes applied: 2
  Warnings: 1
  Alerts (need human): 0
═══════════════════════════════════

📋 Actions taken:

🔍 Watchdog v3 - Detect → Fix → Report
✅ Gateway running (PID: 3230428)
✅ Disk OK: 47%
✅ active-tasks.md fresh (44h)
✅ Jobs data fresh (3h)
✅ SIE 360 data fresh (12h)
✅ Pipeline lock active (0m, still valid)
🟡 2 crons with issues
✅ No pipeline failures today
✅ RAM OK: 42%

═══════════════════════════════════
📊 Watchdog v3 Summary
  Fixes applied: 0
  Warnings: 1
  Alerts (need human): 0
═══════════════════════════════════
🔍 Watchdog v3 - Detect → Fix → Report
✅ Gateway running (PID: 3230428)
✅ Disk OK: 47%
✅ active-tasks.md fresh (46h)
✅ Jobs data fresh (1h)
✅ SIE 360 data fresh (14h)
✅ Pipeline lock active (0m, still valid)
🟡 2 crons with issues
✅ No pipeline failures today
✅ RAM OK: 49%

═══════════════════════════════════
📊 Watchdog v3 Summary
  Fixes applied: 0
  Warnings: 1
  Alerts (need human): 0
═══════════════════════════════════
🔍 Watchdog v3 - Detect → Fix → Report
✅ Gateway running (PID: 3230428)
✅ Disk OK: 47%
✅ active-tasks.md fresh (48h)
✅ Jobs data fresh (3h)
✅ SIE 360 data fresh (16h)
✅ Pipeline lock active (0m, still valid)
🟡 2 crons with issues
  Re-triggered cron: 21424ce1-0b7d-451e-9757-5135149d5c8a
  Re-triggered cron: d87f2c6c-20ab-42f4-aa83-47cc086e9b04
✅ No pipeline failures today
✅ RAM OK: 48%

═══════════════════════════════════
📊 Watchdog v3 Summary
  Fixes applied: 2
  Warnings: 1
  Alerts (need human): 0
═══════════════════════════════════

📋 Actions taken:

🔍 Watchdog v3 - Detect → Fix → Report
✅ Gateway running (PID: 3230428)
✅ Disk OK: 47%
🟡 active-tasks.md stale (50h) - touching to refresh
✅ Jobs data fresh (5h)
✅ SIE 360 data fresh (18h)
✅ Pipeline lock active (0m, still valid)
✅ All crons OK
✅ No pipeline failures today
✅ RAM OK: 48%

═══════════════════════════════════
📊 Watchdog v3 Summary
  Fixes applied: 0
  Warnings: 1
  Alerts (need human): 0
═══════════════════════════════════
🔍 Watchdog v3 - Detect → Fix → Report
✅ Gateway running (PID: 3230428)
✅ Disk OK: 47%
✅ active-tasks.md fresh (1h)
✅ Jobs data fresh (7h)
✅ SIE 360 data fresh (20h)
✅ Pipeline lock active (0m, still valid)
✅ All crons OK
✅ No pipeline failures today
✅ RAM OK: 47%

═══════════════════════════════════
📊 Watchdog v3 Summary
  Fixes applied: 0
  Warnings: 0
  Alerts (need human): 0
═══════════════════════════════════
🔍 Watchdog v3 - Detect → Fix → Report
✅ Gateway running (PID: 3371257)
✅ Disk OK: 47%
✅ active-tasks.md fresh (3h)
✅ Jobs data fresh (9h)
✅ SIE 360 data fresh (22h)
✅ Pipeline lock active (0m, still valid)
✅ All crons OK
✅ No pipeline failures today
✅ RAM OK: 44%

═══════════════════════════════════
📊 Watchdog v3 Summary
  Fixes applied: 0
  Warnings: 0
  Alerts (need human): 0
═══════════════════════════════════
🔍 Watchdog v3 - Detect → Fix → Report
✅ Gateway running (PID: 3371257)
✅ Disk OK: 47%
✅ active-tasks.md fresh (6h)
✅ Jobs data fresh (11h)
✅ SIE 360 data fresh (0h)
✅ Pipeline lock active (0m, still valid)
🟡 2 crons with issues
✅ No pipeline failures today
✅ RAM OK: 56%

═══════════════════════════════════
📊 Watchdog v3 Summary
  Fixes applied: 0
  Warnings: 1
  Alerts (need human): 0
═══════════════════════════════════
🔍 Watchdog v3 - Detect → Fix → Report
✅ Gateway running (PID: 3421636)
✅ Disk OK: 47%
✅ active-tasks.md fresh (7h)
✅ Jobs data fresh (1h)
✅ SIE 360 data fresh (2h)
✅ Pipeline lock active (0m, still valid)
🟡 1 crons with issues
  Re-triggered cron: d1343a4d-61a4-476c-83c5-15724bcce89c
✅ No pipeline failures today
✅ RAM OK: 46%

═══════════════════════════════════
📊 Watchdog v3 Summary
  Fixes applied: 1
  Warnings: 1
  Alerts (need human): 0
═══════════════════════════════════

📋 Actions taken:

🔍 Watchdog v3 - Detect → Fix → Report
🔴 Gateway DOWN - attempting restart...
✅ Gateway FIXED - restarted (PID: 3449728)
✅ Disk OK: 47%
✅ active-tasks.md fresh (10h)
✅ Jobs data fresh (3h)
✅ SIE 360 data fresh (4h)
✅ Pipeline lock active (0m, still valid)
🟡 1 crons with issues
  Re-triggered cron: d1343a4d-61a4-476c-83c5-15724bcce89c
✅ No pipeline failures today
✅ RAM OK: 34%

═══════════════════════════════════
📊 Watchdog v3 Summary
  Fixes applied: 2
  Warnings: 1
  Alerts (need human): 0
═══════════════════════════════════

📋 Actions taken:
✅ Gateway was down → auto-restarted (PID: 3449728)

🔍 Watchdog v3 - Detect → Fix → Report
✅ Gateway running (PID: 3461979)
✅ Disk OK: 47%
✅ active-tasks.md fresh (11h)
✅ Jobs data fresh (5h)
✅ SIE 360 data fresh (6h)
✅ Pipeline lock active (0m, still valid)
✅ All crons OK
✅ No pipeline failures today
✅ RAM OK: 39%

═══════════════════════════════════
📊 Watchdog v3 Summary
  Fixes applied: 0
  Warnings: 0
  Alerts (need human): 0
═══════════════════════════════════
🔍 Watchdog v3 - Detect → Fix → Report
✅ Gateway running (PID: 3461979)
✅ Disk OK: 47%
✅ active-tasks.md fresh (13h)
✅ Jobs data fresh (7h)
✅ SIE 360 data fresh (8h)
✅ Pipeline lock active (0m, still valid)
🟡 2 crons with issues
  Re-triggered cron: 76f33320-4c1a-450a-99c3-8985c17c97df
  Re-triggered cron: 7ba5f8f7-6eec-4301-bfa6-185dee16e778
✅ No pipeline failures today
✅ RAM OK: 47%

═══════════════════════════════════
📊 Watchdog v3 Summary
  Fixes applied: 2
  Warnings: 1
  Alerts (need human): 0
═══════════════════════════════════

📋 Actions taken:

🔍 Watchdog v3 - Detect → Fix → Report
✅ Gateway running (PID: 3461979)
✅ Disk OK: 47%
✅ active-tasks.md fresh (16h)
✅ Jobs data fresh (1h)
✅ SIE 360 data fresh (10h)
✅ Pipeline lock active (0m, still valid)
🟡 1 crons with issues
  Re-triggered cron: 0a31c73d-e888-4e67-bc7b-39605f12d67d
✅ No pipeline failures today
✅ RAM OK: 50%

═══════════════════════════════════
📊 Watchdog v3 Summary
  Fixes applied: 1
  Warnings: 1
  Alerts (need human): 0
═══════════════════════════════════

📋 Actions taken:

🔍 Watchdog v3 - Detect → Fix → Report
✅ Gateway running (PID: 3461979)
✅ Disk OK: 48%
✅ active-tasks.md fresh (17h)
✅ Jobs data fresh (3h)
✅ SIE 360 data fresh (12h)
✅ Pipeline lock active (0m, still valid)
🟡 1 crons with issues
  Re-triggered cron: 0a31c73d-e888-4e67-bc7b-39605f12d67d
✅ No pipeline failures today
✅ RAM OK: 52%

═══════════════════════════════════
📊 Watchdog v3 Summary
  Fixes applied: 1
  Warnings: 1
  Alerts (need human): 0
═══════════════════════════════════

📋 Actions taken:

🔍 Watchdog v3 - Detect → Fix → Report
✅ Gateway running (PID: 3541508)
✅ Disk OK: 48%
✅ active-tasks.md fresh (20h)
✅ Jobs data fresh (1h)
✅ SIE 360 data fresh (14h)
✅ Pipeline lock active (0m, still valid)
🟡 1 crons with issues
  Re-triggered cron: 0a31c73d-e888-4e67-bc7b-39605f12d67d
✅ No pipeline failures today
✅ RAM OK: 52%

═══════════════════════════════════
📊 Watchdog v3 Summary
  Fixes applied: 1
  Warnings: 1
  Alerts (need human): 0
═══════════════════════════════════

📋 Actions taken:

🔍 Watchdog v3 - Detect → Fix → Report
✅ Gateway running (PID: 3541508)
✅ Disk OK: 48%
✅ active-tasks.md fresh (21h)
✅ Jobs data fresh (3h)
✅ SIE 360 data fresh (16h)
✅ Pipeline lock active (0m, still valid)
🟡 1 crons with issues
  Re-triggered cron: 0a31c73d-e888-4e67-bc7b-39605f12d67d
✅ No pipeline failures today
✅ RAM OK: 39%

═══════════════════════════════════
📊 Watchdog v3 Summary
  Fixes applied: 1
  Warnings: 1
  Alerts (need human): 0
═══════════════════════════════════

📋 Actions taken:

🔍 Watchdog v3 - Detect → Fix → Report
✅ Gateway running (PID: 3541508)
✅ Disk OK: 48%
✅ active-tasks.md fresh (24h)
✅ Jobs data fresh (5h)
✅ SIE 360 data fresh (18h)
✅ Pipeline lock active (0m, still valid)
✅ All crons OK
✅ No pipeline failures today
✅ RAM OK: 42%

═══════════════════════════════════
📊 Watchdog v3 Summary
  Fixes applied: 0
  Warnings: 0
  Alerts (need human): 0
═══════════════════════════════════
🔍 Watchdog v3 - Detect → Fix → Report
✅ Gateway running (PID: 3541508)
✅ Disk OK: 48%
✅ active-tasks.md fresh (25h)
✅ Jobs data fresh (7h)
✅ SIE 360 data fresh (20h)
✅ Pipeline lock active (0m, still valid)
✅ All crons OK
✅ No pipeline failures today
✅ RAM OK: 49%

═══════════════════════════════════
📊 Watchdog v3 Summary
  Fixes applied: 0
  Warnings: 0
  Alerts (need human): 0
═══════════════════════════════════
🔍 Watchdog v3 - Detect → Fix → Report
✅ Gateway running (PID: 3541508)
✅ Disk OK: 48%
✅ active-tasks.md fresh (28h)
✅ Jobs data fresh (9h)
✅ SIE 360 data fresh (22h)
✅ Pipeline lock active (0m, still valid)
✅ All crons OK
✅ No pipeline failures today
✅ RAM OK: 47%

═══════════════════════════════════
📊 Watchdog v3 Summary
  Fixes applied: 0
  Warnings: 0
  Alerts (need human): 0
═══════════════════════════════════
🔍 Watchdog v3 - Detect → Fix → Report
✅ Gateway running (PID: 3541508)
✅ Disk OK: 49%
✅ active-tasks.md fresh (30h)
✅ Jobs data fresh (11h)
✅ SIE 360 data fresh (0h)
✅ Pipeline lock active (0m, still valid)
✅ All crons OK
✅ No pipeline failures today
✅ RAM OK: 47%

═══════════════════════════════════
📊 Watchdog v3 Summary
  Fixes applied: 0
  Warnings: 0
  Alerts (need human): 0
═══════════════════════════════════
🔍 Watchdog v3 - Detect → Fix → Report
✅ Gateway running (PID: 3678777)
✅ Disk OK: 49%
✅ active-tasks.md fresh (31h)
✅ Jobs data fresh (1h)
✅ SIE 360 data fresh (2h)
✅ Pipeline lock active (0m, still valid)
✅ All crons OK
✅ No pipeline failures today
✅ RAM OK: 32%

═══════════════════════════════════
📊 Watchdog v3 Summary
  Fixes applied: 0
  Warnings: 0
  Alerts (need human): 0
═══════════════════════════════════
🔍 Watchdog v3 - Detect → Fix → Report
✅ Gateway running (PID: 3678777)
✅ Disk OK: 49%
✅ active-tasks.md fresh (34h)
✅ Jobs data fresh (0h)
✅ SIE 360 data fresh (4h)
✅ Pipeline lock active (0m, still valid)
🟡 1 crons with issues
  Re-triggered cron: 48e061a6-5771-42a5-9e63-ae7b10ab24f6
✅ No pipeline failures today
✅ RAM OK: 37%

═══════════════════════════════════
📊 Watchdog v3 Summary
  Fixes applied: 1
  Warnings: 1
  Alerts (need human): 0
═══════════════════════════════════

📋 Actions taken:

🔍 Watchdog v3 - Detect → Fix → Report
✅ Gateway running (PID: 3678777)
✅ Disk OK: 48%
✅ active-tasks.md fresh (35h)
✅ Jobs data fresh (1h)
✅ SIE 360 data fresh (6h)
✅ Pipeline lock active (0m, still valid)
🟡 3 crons with issues
  Re-triggered cron: d1343a4d-61a4-476c-83c5-15724bcce89c
  Re-triggered cron: 48e061a6-5771-42a5-9e63-ae7b10ab24f6
  Re-triggered cron: 1b1d9bca-2f63-49d1-89b2-cd05a792b30a
✅ No pipeline failures today
✅ RAM OK: 50%

═══════════════════════════════════
📊 Watchdog v3 Summary
  Fixes applied: 3
  Warnings: 1
  Alerts (need human): 0
═══════════════════════════════════

📋 Actions taken:

🔍 Watchdog v3 - Detect → Fix → Report
✅ Gateway running (PID: 3678777)
✅ Disk OK: 48%
✅ active-tasks.md fresh (38h)
✅ Jobs data fresh (1h)
✅ SIE 360 data fresh (8h)
✅ Pipeline lock active (0m, still valid)
🟡 1 crons with issues
  Re-triggered cron: 48e061a6-5771-42a5-9e63-ae7b10ab24f6
✅ No pipeline failures today
✅ RAM OK: 54%

═══════════════════════════════════
📊 Watchdog v3 Summary
  Fixes applied: 1
  Warnings: 1
  Alerts (need human): 0
═══════════════════════════════════

📋 Actions taken:

🔍 Watchdog v3 - Detect → Fix → Report
✅ Gateway running (PID: 3749987)
✅ Disk OK: 48%
✅ active-tasks.md fresh (39h)
✅ Jobs data fresh (3h)
✅ SIE 360 data fresh (10h)
✅ Pipeline lock active (0m, still valid)
🟡 2 crons with issues
  Re-triggered cron: 48e061a6-5771-42a5-9e63-ae7b10ab24f6
  Re-triggered cron: 0a31c73d-e888-4e67-bc7b-39605f12d67d
✅ No pipeline failures today
✅ RAM OK: 49%

═══════════════════════════════════
📊 Watchdog v3 Summary
  Fixes applied: 2
  Warnings: 1
  Alerts (need human): 0
═══════════════════════════════════

📋 Actions taken:

🔍 Watchdog v3 - Detect → Fix → Report
✅ Gateway running (PID: 3771415)
✅ Disk OK: 48%
✅ active-tasks.md fresh (41h)
✅ Jobs data fresh (1h)
✅ SIE 360 data fresh (12h)
✅ Pipeline lock active (0m, still valid)
🟡 3 crons with issues
  Re-triggered cron: d1343a4d-61a4-476c-83c5-15724bcce89c
  Re-triggered cron: 48e061a6-5771-42a5-9e63-ae7b10ab24f6
  Re-triggered cron: 0a31c73d-e888-4e67-bc7b-39605f12d67d
✅ No pipeline failures today
✅ RAM OK: 45%

═══════════════════════════════════
📊 Watchdog v3 Summary
  Fixes applied: 3
  Warnings: 1
  Alerts (need human): 0
═══════════════════════════════════

📋 Actions taken:

🔍 Watchdog v3 - Detect → Fix → Report
✅ Gateway running (PID: 3810913)
✅ Disk OK: 48%
✅ active-tasks.md fresh (44h)
✅ Jobs data fresh (1h)
✅ SIE 360 data fresh (14h)
✅ Pipeline lock active (0m, still valid)
✅ All crons OK
✅ No pipeline failures today
✅ RAM OK: 35%

═══════════════════════════════════
📊 Watchdog v3 Summary
  Fixes applied: 0
  Warnings: 0
  Alerts (need human): 0
═══════════════════════════════════
🔍 Watchdog v3 - Detect → Fix → Report
✅ Gateway running (PID: 3810913)
✅ Disk OK: 52%
✅ active-tasks.md fresh (46h)
✅ Jobs data fresh (3h)
✅ SIE 360 data fresh (16h)
✅ Pipeline lock active (0m, still valid)
✅ All crons OK
✅ No pipeline failures today
✅ RAM OK: 70%

═══════════════════════════════════
📊 Watchdog v3 Summary
  Fixes applied: 0
  Warnings: 0
  Alerts (need human): 0
═══════════════════════════════════
🔍 Watchdog v3 - Detect → Fix → Report
✅ Gateway running (PID: 3810913)
✅ Disk OK: 48%
✅ active-tasks.md fresh (48h)
✅ Jobs data fresh (5h)
✅ SIE 360 data fresh (18h)
✅ Pipeline lock active (0m, still valid)
✅ All crons OK
✅ No pipeline failures today
✅ RAM OK: 29%

═══════════════════════════════════
📊 Watchdog v3 Summary
  Fixes applied: 0
  Warnings: 0
  Alerts (need human): 0
═══════════════════════════════════
🔍 Watchdog v3 - Detect → Fix → Report
✅ Gateway running (PID: 3810913)
✅ Disk OK: 48%
🟡 active-tasks.md stale (49h) - touching to refresh
✅ Jobs data fresh (7h)
✅ SIE 360 data fresh (20h)
✅ Pipeline lock active (0m, still valid)
✅ All crons OK
✅ No pipeline failures today
✅ RAM OK: 38%

═══════════════════════════════════
📊 Watchdog v3 Summary
  Fixes applied: 0
  Warnings: 1
  Alerts (need human): 0
═══════════════════════════════════
🔍 Watchdog v3 - Detect → Fix → Report
✅ Gateway running (PID: 3810913)
✅ Disk OK: 48%
✅ active-tasks.md fresh (2h)
✅ Jobs data fresh (9h)
✅ SIE 360 data fresh (22h)
✅ Pipeline lock active (0m, still valid)
🟡 1 crons with issues
  Re-triggered cron: f51a7ad3-fe08-4011-b1ff-f6c6720cdd4e
✅ No pipeline failures today
✅ RAM OK: 31%

═══════════════════════════════════
📊 Watchdog v3 Summary
  Fixes applied: 1
  Warnings: 1
  Alerts (need human): 0
═══════════════════════════════════

📋 Actions taken:

🔍 Watchdog v3 - Detect → Fix → Report
✅ Gateway running (PID: 3810913)
✅ Disk OK: 48%
✅ active-tasks.md fresh (4h)
✅ Jobs data fresh (11h)
✅ SIE 360 data fresh (0h)
✅ Pipeline lock active (0m, still valid)
✅ All crons OK
✅ No pipeline failures today
✅ RAM OK: 40%

═══════════════════════════════════
📊 Watchdog v3 Summary
  Fixes applied: 0
  Warnings: 0
  Alerts (need human): 0
═══════════════════════════════════
🔍 Watchdog v3 - Detect → Fix → Report
✅ Gateway running (PID: 3810913)
✅ Disk OK: 48%
✅ active-tasks.md fresh (6h)
✅ Jobs data fresh (13h)
✅ SIE 360 data fresh (2h)
✅ Pipeline lock active (0m, still valid)
✅ All crons OK
✅ No pipeline failures today
✅ RAM OK: 41%

═══════════════════════════════════
📊 Watchdog v3 Summary
  Fixes applied: 0
  Warnings: 0
  Alerts (need human): 0
═══════════════════════════════════
🔍 Watchdog v3 - Detect → Fix → Report
✅ Gateway running (PID: 3810913)
✅ Disk OK: 48%
✅ active-tasks.md fresh (8h)
✅ Jobs data fresh (0h)
✅ SIE 360 data fresh (4h)
✅ Pipeline lock active (0m, still valid)
✅ All crons OK
✅ No pipeline failures today
✅ RAM OK: 46%

═══════════════════════════════════
📊 Watchdog v3 Summary
  Fixes applied: 0
  Warnings: 0
  Alerts (need human): 0
═══════════════════════════════════
🔍 Watchdog v3 - Detect → Fix → Report
✅ Gateway running (PID: 3981987)
✅ Disk OK: 47%
✅ active-tasks.md fresh (10h)
✅ Jobs data fresh (0h)
✅ SIE 360 data fresh (6h)
✅ Pipeline lock active (0m, still valid)
🟡 1 crons with issues
  Re-triggered cron: 1b1d9bca-2f63-49d1-89b2-cd05a792b30a
✅ No pipeline failures today
✅ RAM OK: 45%

═══════════════════════════════════
📊 Watchdog v3 Summary
  Fixes applied: 1
  Warnings: 1
  Alerts (need human): 0
═══════════════════════════════════

📋 Actions taken:

🔍 Watchdog v3 - Detect → Fix → Report
✅ Gateway running (PID: 3981987)
✅ Disk OK: 47%
✅ active-tasks.md fresh (12h)
✅ Jobs data fresh (2h)
✅ SIE 360 data fresh (8h)
✅ Pipeline lock active (0m, still valid)
🟡 1 crons with issues
  Re-triggered cron: 1b1d9bca-2f63-49d1-89b2-cd05a792b30a
✅ No pipeline failures today
✅ RAM OK: 52%

═══════════════════════════════════
📊 Watchdog v3 Summary
  Fixes applied: 1
  Warnings: 1
  Alerts (need human): 0
═══════════════════════════════════

📋 Actions taken:

🔍 Watchdog v3 - Detect → Fix → Report
✅ Gateway running (PID: 4024268)
✅ Disk OK: 47%
✅ active-tasks.md fresh (14h)
✅ Jobs data fresh (1h)
✅ SIE 360 data fresh (10h)
✅ Pipeline lock active (0m, still valid)
🟡 2 crons with issues
  Re-triggered cron: 1b1d9bca-2f63-49d1-89b2-cd05a792b30a
  Re-triggered cron: 0a31c73d-e888-4e67-bc7b-39605f12d67d
✅ No pipeline failures today
✅ RAM OK: 40%

═══════════════════════════════════
📊 Watchdog v3 Summary
  Fixes applied: 2
  Warnings: 1
  Alerts (need human): 0
═══════════════════════════════════

📋 Actions taken:

🔍 Watchdog v3 - Detect → Fix → Report
✅ Gateway running (PID: 4024268)
✅ Disk OK: 47%
✅ active-tasks.md fresh (16h)
✅ Jobs data fresh (3h)
✅ SIE 360 data fresh (12h)
✅ Pipeline lock active (0m, still valid)
🟡 1 crons with issues
  Re-triggered cron: 1b1d9bca-2f63-49d1-89b2-cd05a792b30a
✅ No pipeline failures today
✅ RAM OK: 48%

═══════════════════════════════════
📊 Watchdog v3 Summary
  Fixes applied: 1
  Warnings: 1
  Alerts (need human): 0
═══════════════════════════════════

📋 Actions taken:

🔍 Watchdog v3 - Detect → Fix → Report
✅ Gateway running (PID: 4050480)
✅ Disk OK: 47%
✅ active-tasks.md fresh (18h)
✅ Jobs data fresh (5h)
✅ SIE 360 data fresh (14h)
✅ Pipeline lock active (0m, still valid)
🟡 1 crons with issues
  Re-triggered cron: 1b1d9bca-2f63-49d1-89b2-cd05a792b30a
✅ No pipeline failures today
✅ RAM OK: 36%

═══════════════════════════════════
📊 Watchdog v3 Summary
  Fixes applied: 1
  Warnings: 1
  Alerts (need human): 0
═══════════════════════════════════

📋 Actions taken:

🔍 Watchdog v3 - Detect → Fix → Report
✅ Gateway running (PID: 4050480)
✅ Disk OK: 48%
✅ active-tasks.md fresh (20h)
✅ Jobs data fresh (7h)
✅ SIE 360 data fresh (16h)
✅ Pipeline lock active (0m, still valid)
🟡 1 crons with issues
  Re-triggered cron: 1b1d9bca-2f63-49d1-89b2-cd05a792b30a
✅ No pipeline failures today
✅ RAM OK: 39%

═══════════════════════════════════
📊 Watchdog v3 Summary
  Fixes applied: 1
  Warnings: 1
  Alerts (need human): 0
═══════════════════════════════════

📋 Actions taken:

🔍 Watchdog v3 - Detect → Fix → Report
✅ Gateway running (PID: 4097780)
✅ Disk OK: 48%
✅ active-tasks.md fresh (22h)
✅ Jobs data fresh (9h)
✅ SIE 360 data fresh (18h)
✅ Pipeline lock active (0m, still valid)
✅ All crons OK
✅ No pipeline failures today
✅ RAM OK: 42%

═══════════════════════════════════
📊 Watchdog v3 Summary
  Fixes applied: 0
  Warnings: 0
  Alerts (need human): 0
═══════════════════════════════════
🔍 Watchdog v3 - Detect → Fix → Report
✅ Gateway running (PID: 4131225)
✅ Disk OK: 48%
✅ active-tasks.md fresh (24h)
✅ Jobs data fresh (11h)
✅ SIE 360 data fresh (20h)
✅ Pipeline lock active (0m, still valid)
✅ All crons OK
✅ No pipeline failures today
✅ RAM OK: 39%

═══════════════════════════════════
📊 Watchdog v3 Summary
  Fixes applied: 0
  Warnings: 0
  Alerts (need human): 0
═══════════════════════════════════
🔍 Watchdog v3 - Detect → Fix → Report
✅ Gateway running (PID: 4131225)
✅ Disk OK: 48%
✅ active-tasks.md fresh (26h)
✅ Jobs data fresh (13h)
✅ SIE 360 data fresh (22h)
✅ Pipeline lock active (0m, still valid)
✅ All crons OK
✅ No pipeline failures today
✅ RAM OK: 46%

═══════════════════════════════════
📊 Watchdog v3 Summary
  Fixes applied: 0
  Warnings: 0
  Alerts (need human): 0
═══════════════════════════════════
🔍 Watchdog v3 - Detect → Fix → Report
✅ Gateway running (PID: 4131225)
✅ Disk OK: 48%
✅ active-tasks.md fresh (28h)
✅ Jobs data fresh (15h)
✅ SIE 360 data fresh (0h)
✅ Pipeline lock active (0m, still valid)
✅ All crons OK
✅ No pipeline failures today
✅ RAM OK: 44%

═══════════════════════════════════
📊 Watchdog v3 Summary
  Fixes applied: 0
  Warnings: 0
  Alerts (need human): 0
═══════════════════════════════════
🔍 Watchdog v3 - Detect → Fix → Report
✅ Gateway running (PID: 4131225)
✅ Disk OK: 48%
✅ active-tasks.md fresh (30h)
✅ Jobs data fresh (1h)
✅ SIE 360 data fresh (2h)
✅ Pipeline lock active (0m, still valid)
✅ All crons OK
✅ No pipeline failures today
✅ RAM OK: 47%

═══════════════════════════════════
📊 Watchdog v3 Summary
  Fixes applied: 0
  Warnings: 0
  Alerts (need human): 0
═══════════════════════════════════
🔍 Watchdog v3 - Detect → Fix → Report
✅ Gateway running (PID: 10858)
✅ Disk OK: 48%
✅ active-tasks.md fresh (32h)
✅ Jobs data fresh (0h)
✅ SIE 360 data fresh (4h)
✅ Pipeline lock active (0m, still valid)
✅ All crons OK
🔴 Pipeline has 0 config + 1 logic failures today
✅ RAM OK: 64%

═══════════════════════════════════
📊 Watchdog v3 Summary
  Fixes applied: 0
  Warnings: 0
  Alerts (need human): 1
═══════════════════════════════════

📋 Actions taken:
🔴 Pipeline failures: 0 config, 1 logic (need human review)

🔍 Watchdog v3 - Detect → Fix → Report
✅ Gateway running (PID: 41284)
✅ Disk OK: 48%
✅ active-tasks.md fresh (34h)
✅ Jobs data fresh (1h)
✅ SIE 360 data fresh (6h)
✅ Pipeline lock active (0m, still valid)
🟡 1 crons with issues
  Re-triggered cron: 1b1d9bca-2f63-49d1-89b2-cd05a792b30a
🔴 Pipeline has 0 config + 1 logic failures today
✅ RAM OK: 43%

═══════════════════════════════════
📊 Watchdog v3 Summary
  Fixes applied: 1
  Warnings: 1
  Alerts (need human): 1
═══════════════════════════════════

📋 Actions taken:
🔴 Pipeline failures: 0 config, 1 logic (need human review)

🔍 Watchdog v3 - Detect → Fix → Report
✅ Gateway running (PID: 54297)
✅ Disk OK: 48%
✅ active-tasks.md fresh (36h)
✅ Jobs data fresh (3h)
✅ SIE 360 data fresh (8h)
✅ Pipeline lock active (0m, still valid)
🟡 1 crons with issues
  Re-triggered cron: 1b1d9bca-2f63-49d1-89b2-cd05a792b30a
🔴 Pipeline has 0 config + 1 logic failures today
✅ RAM OK: 51%

═══════════════════════════════════
📊 Watchdog v3 Summary
  Fixes applied: 1
  Warnings: 1
  Alerts (need human): 1
═══════════════════════════════════

📋 Actions taken:
🔴 Pipeline failures: 0 config, 1 logic (need human review)

🔍 Watchdog v3 - Detect → Fix → Report
✅ Gateway running (PID: 82246)
✅ Disk OK: 48%
✅ active-tasks.md fresh (38h)
✅ Jobs data fresh (5h)
✅ SIE 360 data fresh (10h)
✅ Pipeline lock active (0m, still valid)
🟡 2 crons with issues
  Re-triggered cron: 1b1d9bca-2f63-49d1-89b2-cd05a792b30a
  Re-triggered cron: 0be247a8-7d05-4a66-9b65-d75d29486fb9
🔴 Pipeline has 0 config + 1 logic failures today
✅ RAM OK: 47%

═══════════════════════════════════
📊 Watchdog v3 Summary
  Fixes applied: 2
  Warnings: 1
  Alerts (need human): 1
═══════════════════════════════════

📋 Actions taken:
🔴 Pipeline failures: 0 config, 1 logic (need human review)

🔍 Watchdog v3 - Detect → Fix → Report
✅ Gateway running (PID: 98127)
✅ Disk OK: 48%
✅ active-tasks.md fresh (40h)
✅ Jobs data fresh (7h)
✅ SIE 360 data fresh (12h)
✅ Pipeline lock active (0m, still valid)
🟡 2 crons with issues
  Re-triggered cron: 1b1d9bca-2f63-49d1-89b2-cd05a792b30a
  Re-triggered cron: 0be247a8-7d05-4a66-9b65-d75d29486fb9
🔴 Pipeline has 0 config + 1 logic failures today
✅ RAM OK: 49%

═══════════════════════════════════
📊 Watchdog v3 Summary
  Fixes applied: 2
  Warnings: 1
  Alerts (need human): 1
═══════════════════════════════════

📋 Actions taken:
🔴 Pipeline failures: 0 config, 1 logic (need human review)

🔍 Watchdog v3 - Detect → Fix → Report
🔴 Gateway DOWN - attempting restart...
✅ Gateway FIXED - restarted (PID: 129175)
✅ Disk OK: 48%
✅ active-tasks.md fresh (42h)
✅ Jobs data fresh (9h)
✅ SIE 360 data fresh (14h)
✅ Pipeline lock active (0m, still valid)
✅ All crons OK
🔴 Pipeline has 0 config + 1 logic failures today
✅ RAM OK: 47%

═══════════════════════════════════
📊 Watchdog v3 Summary
  Fixes applied: 1
  Warnings: 0
  Alerts (need human): 1
═══════════════════════════════════

📋 Actions taken:
✅ Gateway was down → auto-restarted (PID: 129175)
🔴 Pipeline failures: 0 config, 1 logic (need human review)

