[2026-02-17 04:08:31] ============================================================
[2026-02-17 04:08:31] HealthTech Directory - FULLY AUTOMATED BUILD
[2026-02-17 04:08:31] ============================================================
[2026-02-17 04:08:31] Start time: 2026-02-17T04:08:31.063862
[2026-02-17 04:08:31] 
[2026-02-17 04:08:31] ============================================================
[2026-02-17 04:08:31] DAY 1: Auto-Scraping
[2026-02-17 04:08:31] ============================================================
[2026-02-17 04:09:05] ============================================================
[2026-02-17 04:09:05] HealthTech Directory - FULLY AUTOMATED BUILD
[2026-02-17 04:09:05] ============================================================
[2026-02-17 04:09:05] Start time: 2026-02-17T04:09:05.984308
[2026-02-17 04:09:05] 
[2026-02-17 04:09:05] ============================================================
[2026-02-17 04:09:05] DAY 1: Auto-Scraping
[2026-02-17 04:09:05] ============================================================
[2026-02-17 04:09:05] Generating sample data for initial build...
[2026-02-17 04:09:05] ✓ Day 1 complete: 100 companies generated
[2026-02-17 04:09:05] 
[2026-02-17 04:09:05] ============================================================
[2026-02-17 04:09:05] DAY 2: Clean + Structure
[2026-02-17 04:09:05] ============================================================
[2026-02-17 04:09:05] Processing 100 companies...
[2026-02-17 04:09:05] ✓ Day 2 complete: 92 companies cleaned and scored
[2026-02-17 04:09:05] 
[2026-02-17 04:09:05] ============================================================
[2026-02-17 04:09:05] DAY 3: Verify Websites
[2026-02-17 04:09:05] ============================================================
[2026-02-17 04:09:05] Verifying 92 websites...
[2026-02-17 04:09:22] ============================================================
[2026-02-17 04:09:22] HealthTech Directory - FULLY AUTOMATED BUILD
[2026-02-17 04:09:22] ============================================================
[2026-02-17 04:09:22] Start time: 2026-02-17T04:09:22.257984
[2026-02-17 04:09:22] 
[2026-02-17 04:09:22] ============================================================
[2026-02-17 04:09:22] DAY 1: Auto-Scraping
[2026-02-17 04:09:22] ============================================================
[2026-02-17 04:09:22] Generating sample data for initial build...
[2026-02-17 04:09:22] ✓ Day 1 complete: 100 companies generated
[2026-02-17 04:09:22] 
[2026-02-17 04:09:22] ============================================================
[2026-02-17 04:09:22] DAY 2: Clean + Structure
[2026-02-17 04:09:22] ============================================================
[2026-02-17 04:09:22] Processing 100 companies...
[2026-02-17 04:09:22] ✓ Day 2 complete: 84 companies cleaned and scored
[2026-02-17 04:09:22] 
[2026-02-17 04:09:22] ============================================================
[2026-02-17 04:09:22] DAY 3: Verify Websites
[2026-02-17 04:09:22] ============================================================
[2026-02-17 04:09:22] Verifying 84 websites...
[2026-02-17 04:09:22] ✓ Day 3 complete: 84/84 verified
[2026-02-17 04:09:22] 
[2026-02-17 04:09:22] ============================================================
[2026-02-17 04:09:22] DAY 4: Enrich + Export
[2026-02-17 04:09:22] ============================================================
[2026-02-17 04:09:22] Enriching 84 companies...
[2026-02-17 04:09:22] ✓ Day 4 complete
[2026-02-17 04:09:22]   - Total enriched: 84
[2026-02-17 04:09:22]   - Job search targets: 10
[2026-02-17 04:09:22]   - ANCO prospects: 55
[2026-02-17 04:09:22] 
[2026-02-17 04:09:22] ============================================================
[2026-02-17 04:09:22] BUILD COMPLETE
[2026-02-17 04:09:22] ============================================================
[2026-02-17 04:09:22] 
[2026-02-17 04:09:22] Outputs:
[2026-02-17 04:09:22]   - /root/.openclaw/workspace/healthtech-directory/data/gcc-healthtech-enriched.json
[2026-02-17 04:09:22]   - /root/.openclaw/workspace/healthtech-directory/data/job-search-targets.json
[2026-02-17 04:09:22]   - /root/.openclaw/workspace/healthtech-directory/data/anco-prospects.json
[2026-02-17 04:09:22] 
[2026-02-17 04:09:22] End time: 2026-02-17T04:09:22.272344
[2026-02-17 04:16:01] ============================================================
[2026-02-17 04:16:01] HealthTech Directory - FULLY AUTOMATED BUILD
[2026-02-17 04:16:01] ============================================================
[2026-02-17 04:16:01] Start time: 2026-02-17T04:16:01.591979
[2026-02-17 04:16:01] 
[2026-02-17 04:16:01] ============================================================
[2026-02-17 04:16:01] DAY 1: Auto-Scraping
[2026-02-17 04:16:01] ============================================================
[2026-02-17 04:16:01] Generating sample data for initial build...
[2026-02-17 04:16:01] ✓ Day 1 complete: 100 companies generated
[2026-02-17 04:16:01] 
[2026-02-17 04:16:01] ============================================================
[2026-02-17 04:16:01] DAY 2: Clean + Structure
[2026-02-17 04:16:01] ============================================================
[2026-02-17 04:16:01] Processing 100 companies...
[2026-02-17 04:16:01] ✓ Day 2 complete: 88 companies cleaned and scored
[2026-02-17 04:16:01] 
[2026-02-17 04:16:01] ============================================================
[2026-02-17 04:16:01] DAY 3: Verify Websites
[2026-02-17 04:16:01] ============================================================
[2026-02-17 04:16:01] Verifying 88 websites...
[2026-02-17 04:16:01] ✓ Day 3 complete: 88/88 verified
[2026-02-17 04:16:01] 
[2026-02-17 04:16:01] ============================================================
[2026-02-17 04:16:01] DAY 4: Enrich + Export
[2026-02-17 04:16:01] ============================================================
[2026-02-17 04:16:01] Enriching 88 companies...
[2026-02-17 04:16:01] ✓ Day 4 complete
[2026-02-17 04:16:01]   - Total enriched: 88
[2026-02-17 04:16:01]   - Job search targets: 15
[2026-02-17 04:16:01]   - ANCO prospects: 45
[2026-02-17 04:16:01] 
[2026-02-17 04:16:01] ============================================================
[2026-02-17 04:16:01] BUILD COMPLETE
[2026-02-17 04:16:01] ============================================================
[2026-02-17 04:16:01] 
[2026-02-17 04:16:01] Outputs:
[2026-02-17 04:16:01]   - /root/.openclaw/workspace/healthtech-directory/data/gcc-healthtech-enriched.json
[2026-02-17 04:16:01]   - /root/.openclaw/workspace/healthtech-directory/data/job-search-targets.json
[2026-02-17 04:16:01]   - /root/.openclaw/workspace/healthtech-directory/data/anco-prospects.json
[2026-02-17 04:16:01] 
[2026-02-17 04:16:01] End time: 2026-02-17T04:16:01.603284
