[content-factory-token-health] 2026-03-26 05:00 Cairo
  Checking Notion token...
  ✓ OK - 100 results from RSS DB
  Checking Notion write capability...
  ✓ Write-capable
  Checking Telegram bot...
  ✓ Telegram bot 'NasrOpenClawnBot': OK
  Checking RSS feeds...
  ✓ RSS feeds responding
  Checking Content Factory crons...
  🔴 Content orchestrator: STALE (last 2026-03-24)

==================================================
🛡️ Content Factory Health — ISSUES FOUND
2026-03-26 05:00 Cairo

⚠️ Content orchestrator: STALE (last 2026-03-24)

✅ OK: 4
[content-factory-token-health] 2026-03-27 05:00 Cairo
  Checking Notion token...
  ✓ OK - 100 results from RSS DB
  Checking Notion write capability...
  ✓ Write-capable
  Checking Telegram bot...
  ✓ Telegram bot 'NasrOpenClawnBot': OK
  Checking RSS feeds...
  ✓ RSS feeds responding
  Checking Content Factory crons...
  🔴 Content orchestrator: STALE (last 2026-03-24)

==================================================
🛡️ Content Factory Health — ISSUES FOUND
2026-03-27 05:00 Cairo

⚠️ Content orchestrator: STALE (last 2026-03-24)

✅ OK: 4
[content-factory-token-health] 2026-03-28 05:01 Cairo
  Checking Notion token...
  ✓ OK - 100 results from RSS DB
  Checking Notion write capability...
  ✓ Write-capable
  Checking Telegram bot...
  ✓ Telegram bot 'NasrOpenClawnBot': OK
  Checking RSS feeds...
  ✓ RSS feeds responding
  Checking Content Factory crons...
  🔴 Content orchestrator: STALE (last 2026-03-24)

==================================================
🛡️ Content Factory Health — ISSUES FOUND
2026-03-28 05:01 Cairo

⚠️ Content orchestrator: STALE (last 2026-03-24)

✅ OK: 4
[content-factory-token-health] 2026-03-30 05:00 Cairo
  Checking Notion token...
  ✓ OK - 100 results from RSS DB
  Checking Notion write capability...
  ✓ Write-capable
  Checking Telegram bot...
  ✓ Telegram bot 'NasrOpenClawnBot': OK
  Checking RSS feeds...
  ✓ RSS feeds responding
  Checking Content Factory crons...

✅ All checks passed (4 items)
[content-factory-token-health] 2026-03-31 05:00 Cairo
  Checking Notion token...
  ✓ OK - 100 results from RSS DB
  Checking Notion write capability...
  ✓ Write-capable
  Checking Telegram bot...
  ✓ Telegram bot 'NasrOpenClawnBot': OK
  Checking RSS feeds...
  ✓ RSS feeds responding
  Checking Content Factory crons...

✅ All checks passed (4 items)
[content-factory-token-health] 2026-04-01 05:00 Cairo
  Checking Notion token...
  ✓ OK - 100 results from RSS DB
  Checking Notion write capability...
  ✓ Write-capable
  Checking Telegram bot...
  ✓ Telegram bot 'NasrOpenClawnBot': OK
  Checking RSS feeds...
  ✓ RSS feeds responding
  Checking Content Factory crons...

✅ All checks passed (4 items)
[content-factory-token-health] 2026-04-02 05:00 Cairo
  Checking Notion token...
  ✓ OK - 100 results from RSS DB
  Checking Notion write capability...
  ✓ Write-capable
  Checking Telegram bot...
  ✓ Telegram bot 'NasrOpenClawnBot': OK
  Checking RSS feeds...
  ✓ RSS feeds responding
  Checking Content Factory crons...

✅ All checks passed (4 items)
[content-factory-token-health] 2026-04-03 05:00 Cairo
  Checking Notion token...
  ✓ OK - 100 results from RSS DB
  Checking Notion write capability...
  ✓ Write-capable
  Checking Telegram bot...
  ✓ Telegram bot 'NasrOpenClawnBot': OK
  Checking RSS feeds...
  ✓ RSS feeds responding
  Checking Content Factory crons...

✅ All checks passed (4 items)
[content-factory-token-health] 2026-04-04 05:00 Cairo
  Checking Notion token...
  ✓ OK - 100 results from RSS DB
  Checking Notion write capability...
  ✓ Write-capable
  Checking Telegram bot...
  ✓ Telegram bot 'NasrOpenClawnBot': OK
  Checking RSS feeds...
  ✓ RSS feeds responding
  Checking Content Factory crons...

✅ All checks passed (4 items)
[content-factory-token-health] 2026-04-05 05:00 Cairo
  Checking Notion token...
  ✓ OK - 100 results from RSS DB
  Checking Notion write capability...
  ✓ Write-capable
  Checking Telegram bot...
  ✓ Telegram bot 'NasrOpenClawnBot': OK
  Checking RSS feeds...
  ✓ RSS feeds responding
  Checking Content Factory crons...

✅ All checks passed (4 items)
[content-factory-token-health] 2026-04-06 05:00 Cairo
  Checking Notion token...
  ✓ OK - 100 results from RSS DB
  Checking Notion write capability...
  ✓ Write-capable
  Checking Telegram bot...
  ✓ Telegram bot 'NasrOpenClawnBot': OK
  Checking RSS feeds...
  ✓ RSS feeds responding
  Checking Content Factory crons...

✅ All checks passed (4 items)
[content-factory-token-health] 2026-04-07 05:00 Cairo
  Checking Notion token...
  ✓ OK - 100 results from RSS DB
  Checking Notion write capability...
  ✓ Write-capable
  Checking Telegram bot...
  ✓ Telegram bot 'NasrOpenClawnBot': OK
  Checking RSS feeds...
  ✓ RSS feeds responding
  Checking Content Factory crons...
  ✓ Content orchestrator: Expected (ran yesterday 06:03)

✅ All checks passed (5 items)
[content-factory-token-health] 2026-04-08 05:01 Cairo
  Checking Notion token...
  ✓ OK - 100 results from RSS DB
  Checking Notion write capability...
  ✓ Write-capable
  Checking Telegram bot...
  ✓ Telegram bot 'NasrOpenClawnBot': OK
  Checking RSS feeds...
  ✓ RSS feeds responding
  Checking Content Factory crons...
  🔴 Content orchestrator: STALE (last 2026-04-06)

==================================================
🛡️ Content Factory Health — ISSUES FOUND
2026-04-08 05:01 Cairo

⚠️ Content orchestrator: STALE (last 2026-04-06)

✅ OK: 4
