[13:31:01] === Content Factory Weekly Digest === 2026-03-25 13:31 Cairo
[13:31:02] Top 5 articles selected
[13:31:02] Digest sent. Message ID: 35218
[13:31:02] State saved (5 articles pending)
[13:31:02] === Done ===
[13:41:00] === Content Factory Weekly Digest === 2026-03-25 13:41 Cairo
[13:41:00] Top 4 articles selected
[13:41:00] Digest sent. Message ID: 35235
[13:41:00] State saved (4 articles pending)
[13:41:00] === Done ===
[07:02:41] === Content Factory Weekly Digest === 2026-03-27 07:02 Cairo
[07:02:48] Top 5 articles selected
[07:02:48] Digest sent. Message ID: 35954
[07:02:48] State saved (5 articles pending)
[07:02:48] === Done ===
[19:33:48] === Content Factory Weekly Digest === 2026-04-03 19:33 Cairo
[19:33:49] Top 5 articles selected
[19:33:49] Digest sent. Message ID: 39139
[19:33:49] State saved (5 articles pending)
[19:33:49] === Done ===
[21:13:33] === Content Factory Weekly Digest === 2026-04-03 21:13 Cairo
[21:13:34] Top 5 articles selected
[21:13:34] Digest sent. Message ID: 39438
[21:13:34] State saved (5 articles pending)
[21:13:34] === Done ===
