[13:24:44] === Content Factory Scorer v1.0 === 2026-03-25 13:24 Cairo
[13:24:45] Found 1 unscored articles
[13:24:45]   Scoring: Revolut's 2025 Report: Profitable, Growing, and Building on Their
[13:24:46] 
=== Done ===
[13:24:46]   Scored: 1
[13:24:46]   Gold (High Priority): 1
[13:24:46]   Errors: 0
[13:24:46] Stats saved to /root/.openclaw/workspace/data/content-factory-scoring-stats.json
[05:30:14] === Content Factory Scorer v1.0 === 2026-03-26 05:30 Cairo
[05:30:14] Found 17 unscored articles
[05:30:14]   Scoring: Emma Shad - AI 2026 Productivity (305 comments)
[05:30:16]   Scoring: Sage Report: Health IT Spending Trends for 2026-2027
[05:30:20]   Scoring: Why 88% of Digital Transformation Strategies Fail
[05:30:24]   Scoring: 3 AI Shifts That Will Reshape Your Workplace in 2026
[05:30:30]   Scoring: Vinod Khosla thinks 80% of jobs could vanish by 2030
[05:30:33]   Scoring: AI Is Coming for White-Collar Jobs First
[05:30:34]   Scoring: CIOs 2026 Digital Transformation Playbook
[05:30:39]   Scoring: 2026 is the year AI governance broke - Tiffany Masson (75 comment
[05:30:41]   Scoring: Key Challenges for CIOs in 2026: Strategy, Governance, and AI at 
[05:30:43]   Scoring: Why 95% of Enterprise AI Projects Fail
[05:30:46]   Scoring: Perplexity CEO: AI layoffs arent so bad
[05:30:49]   Scoring: NHS community trust cuts hospital stays with digital patient flow
[05:30:53]   Scoring: IDC - CIO readiness for geopolitical disruption
[05:30:57]   Scoring: Proggio Unveils Anna: Autonomous AI Agent for Project Execution
[05:30:59]   Scoring: AI Moves Beyond Hype To Drive Real Enterprise Transformation
[05:31:03]   Scoring: 5 Ways PMOs Use Project Management AI for Decision Records
[05:31:11]   Scoring: What Happens When The AI Race Has No Referee
[05:31:14] 
=== Done ===
[05:31:14]   Scored: 17
[05:31:14]   Gold (High Priority): 9
[05:31:14]   Errors: 0
[05:31:14] Stats saved to /root/.openclaw/workspace/data/content-factory-scoring-stats.json
