[02:17:42] === Content Factory Exa Scanner === 2026-03-26 02:17 Cairo (day=3)
[02:17:42] Running 12 searches
[02:17:42]   [Web] 'AI transformation enterprise 2026' → AI
[02:17:42]   No Exa API key found. Skipping search.
[02:17:43]   [Web] 'digital transformation healthcare results' → Digital Transformation
[02:17:43]   No Exa API key found. Skipping search.
[02:17:44]   [Web] 'program management AI automation' → PMO
[02:17:44]   No Exa API key found. Skipping search.
[02:17:45]   [Web] 'AI agents business operations' → AI
[02:17:45]   No Exa API key found. Skipping search.
[02:17:46]   [Web] 'CIO CTO digital strategy' → Digital Transformation
[02:17:46]   No Exa API key found. Skipping search.
[02:17:47]   [Web] 'project management AI tools' → PMO
[02:17:47]   No Exa API key found. Skipping search.
[02:17:48]   [Web] 'enterprise AI implementation challenges' → AI
[02:17:48]   No Exa API key found. Skipping search.
[02:17:49]   [𝕏] 'AI agents replacing jobs hot take' → AI
[02:17:49]   No Exa API key found. Skipping search.
[02:17:50]   [𝕏] 'digital transformation failure controversy' → Digital Transformation
[02:17:50]   No Exa API key found. Skipping search.
[02:17:51]   [LinkedIn] 'AI transformation executive leadership lessons' → AI
[02:17:51]   No Exa API key found. Skipping search.
[02:17:52]   [LinkedIn] 'program management office future PMO' → PMO
[02:17:52]   No Exa API key found. Skipping search.
[02:17:53]   [LinkedIn] 'digital transformation case study results' → Digital Transformation
[02:17:53]   No Exa API key found. Skipping search.
[02:17:54] 
=== Done ===
[02:17:54]   Searches: 12 | Results: 0
[02:17:54]   New added: 0 | Gold: 0
[02:17:54]   Seen URLs: 133 → 133
