/usr/bin/python3: can't open file '/root/.openclaw/workspace/scripts/cron-dashboard-updater.py': [Errno 2] No such file or directory
/usr/bin/python3: can't open file '/root/.openclaw/workspace/scripts/cron-dashboard-updater.py': [Errno 2] No such file or directory
/usr/bin/python3: can't open file '/root/.openclaw/workspace/scripts/cron-dashboard-updater.py': [Errno 2] No such file or directory
/usr/bin/python3: can't open file '/root/.openclaw/workspace/scripts/cron-dashboard-updater.py': [Errno 2] No such file or directory
/usr/bin/python3: can't open file '/root/.openclaw/workspace/scripts/cron-dashboard-updater.py': [Errno 2] No such file or directory
/usr/bin/python3: can't open file '/root/.openclaw/workspace/scripts/cron-dashboard-updater.py': [Errno 2] No such file or directory
/usr/bin/python3: can't open file '/root/.openclaw/workspace/scripts/cron-dashboard-updater.py': [Errno 2] No such file or directory
/usr/bin/python3: can't open file '/root/.openclaw/workspace/scripts/cron-dashboard-updater.py': [Errno 2] No such file or directory
/usr/bin/python3: can't open file '/root/.openclaw/workspace/scripts/cron-dashboard-updater.py': [Errno 2] No such file or directory
/usr/bin/python3: can't open file '/root/.openclaw/workspace/scripts/cron-dashboard-updater.py': [Errno 2] No such file or directory
/usr/bin/python3: can't open file '/root/.openclaw/workspace/scripts/cron-dashboard-updater.py': [Errno 2] No such file or directory
/usr/bin/python3: can't open file '/root/.openclaw/workspace/scripts/cron-dashboard-updater.py': [Errno 2] No such file or directory
/usr/bin/python3: can't open file '/root/.openclaw/workspace/scripts/cron-dashboard-updater.py': [Errno 2] No such file or directory
/usr/bin/python3: can't open file '/root/.openclaw/workspace/scripts/cron-dashboard-updater.py': [Errno 2] No such file or directory
/usr/bin/python3: can't open file '/root/.openclaw/workspace/scripts/cron-dashboard-updater.py': [Errno 2] No such file or directory
/usr/bin/python3: can't open file '/root/.openclaw/workspace/scripts/cron-dashboard-updater.py': [Errno 2] No such file or directory
/usr/bin/python3: can't open file '/root/.openclaw/workspace/scripts/cron-dashboard-updater.py': [Errno 2] No such file or directory
/usr/bin/python3: can't open file '/root/.openclaw/workspace/scripts/cron-dashboard-updater.py': [Errno 2] No such file or directory
/usr/bin/python3: can't open file '/root/.openclaw/workspace/scripts/cron-dashboard-updater.py': [Errno 2] No such file or directory
/usr/bin/python3: can't open file '/root/.openclaw/workspace/scripts/cron-dashboard-updater.py': [Errno 2] No such file or directory
/usr/bin/python3: can't open file '/root/.openclaw/workspace/scripts/cron-dashboard-updater.py': [Errno 2] No such file or directory
/usr/bin/python3: can't open file '/root/.openclaw/workspace/scripts/cron-dashboard-updater.py': [Errno 2] No such file or directory
/usr/bin/python3: can't open file '/root/.openclaw/workspace/scripts/cron-dashboard-updater.py': [Errno 2] No such file or directory
/usr/bin/python3: can't open file '/root/.openclaw/workspace/scripts/cron-dashboard-updater.py': [Errno 2] No such file or directory
/usr/bin/python3: can't open file '/root/.openclaw/workspace/scripts/cron-dashboard-updater.py': [Errno 2] No such file or directory
/usr/bin/python3: can't open file '/root/.openclaw/workspace/scripts/cron-dashboard-updater.py': [Errno 2] No such file or directory
/usr/bin/python3: can't open file '/root/.openclaw/workspace/scripts/cron-dashboard-updater.py': [Errno 2] No such file or directory
/usr/bin/python3: can't open file '/root/.openclaw/workspace/scripts/cron-dashboard-updater.py': [Errno 2] No such file or directory
/usr/bin/python3: can't open file '/root/.openclaw/workspace/scripts/cron-dashboard-updater.py': [Errno 2] No such file or directory
/usr/bin/python3: can't open file '/root/.openclaw/workspace/scripts/cron-dashboard-updater.py': [Errno 2] No such file or directory
/usr/bin/python3: can't open file '/root/.openclaw/workspace/scripts/cron-dashboard-updater.py': [Errno 2] No such file or directory
/usr/bin/python3: can't open file '/root/.openclaw/workspace/scripts/cron-dashboard-updater.py': [Errno 2] No such file or directory
/usr/bin/python3: can't open file '/root/.openclaw/workspace/scripts/cron-dashboard-updater.py': [Errno 2] No such file or directory
/usr/bin/python3: can't open file '/root/.openclaw/workspace/scripts/cron-dashboard-updater.py': [Errno 2] No such file or directory
/usr/bin/python3: can't open file '/root/.openclaw/workspace/scripts/cron-dashboard-updater.py': [Errno 2] No such file or directory
/usr/bin/python3: can't open file '/root/.openclaw/workspace/scripts/cron-dashboard-updater.py': [Errno 2] No such file or directory
/usr/bin/python3: can't open file '/root/.openclaw/workspace/scripts/cron-dashboard-updater.py': [Errno 2] No such file or directory
/usr/bin/python3: can't open file '/root/.openclaw/workspace/scripts/cron-dashboard-updater.py': [Errno 2] No such file or directory
/usr/bin/python3: can't open file '/root/.openclaw/workspace/scripts/cron-dashboard-updater.py': [Errno 2] No such file or directory
/usr/bin/python3: can't open file '/root/.openclaw/workspace/scripts/cron-dashboard-updater.py': [Errno 2] No such file or directory
/usr/bin/python3: can't open file '/root/.openclaw/workspace/scripts/cron-dashboard-updater.py': [Errno 2] No such file or directory
/usr/bin/python3: can't open file '/root/.openclaw/workspace/scripts/cron-dashboard-updater.py': [Errno 2] No such file or directory
/usr/bin/python3: can't open file '/root/.openclaw/workspace/scripts/cron-dashboard-updater.py': [Errno 2] No such file or directory
/usr/bin/python3: can't open file '/root/.openclaw/workspace/scripts/cron-dashboard-updater.py': [Errno 2] No such file or directory
/usr/bin/python3: can't open file '/root/.openclaw/workspace/scripts/cron-dashboard-updater.py': [Errno 2] No such file or directory
/usr/bin/python3: can't open file '/root/.openclaw/workspace/scripts/cron-dashboard-updater.py': [Errno 2] No such file or directory
/usr/bin/python3: can't open file '/root/.openclaw/workspace/scripts/cron-dashboard-updater.py': [Errno 2] No such file or directory
/usr/bin/python3: can't open file '/root/.openclaw/workspace/scripts/cron-dashboard-updater.py': [Errno 2] No such file or directory
/usr/bin/python3: can't open file '/root/.openclaw/workspace/scripts/cron-dashboard-updater.py': [Errno 2] No such file or directory
/usr/bin/python3: can't open file '/root/.openclaw/workspace/scripts/cron-dashboard-updater.py': [Errno 2] No such file or directory
/usr/bin/python3: can't open file '/root/.openclaw/workspace/scripts/cron-dashboard-updater.py': [Errno 2] No such file or directory
/usr/bin/python3: can't open file '/root/.openclaw/workspace/scripts/cron-dashboard-updater.py': [Errno 2] No such file or directory
/usr/bin/python3: can't open file '/root/.openclaw/workspace/scripts/cron-dashboard-updater.py': [Errno 2] No such file or directory
/usr/bin/python3: can't open file '/root/.openclaw/workspace/scripts/cron-dashboard-updater.py': [Errno 2] No such file or directory
/usr/bin/python3: can't open file '/root/.openclaw/workspace/scripts/cron-dashboard-updater.py': [Errno 2] No such file or directory
/usr/bin/python3: can't open file '/root/.openclaw/workspace/scripts/cron-dashboard-updater.py': [Errno 2] No such file or directory
/usr/bin/python3: can't open file '/root/.openclaw/workspace/scripts/cron-dashboard-updater.py': [Errno 2] No such file or directory
/usr/bin/python3: can't open file '/root/.openclaw/workspace/scripts/cron-dashboard-updater.py': [Errno 2] No such file or directory
/usr/bin/python3: can't open file '/root/.openclaw/workspace/scripts/cron-dashboard-updater.py': [Errno 2] No such file or directory
/usr/bin/python3: can't open file '/root/.openclaw/workspace/scripts/cron-dashboard-updater.py': [Errno 2] No such file or directory
/usr/bin/python3: can't open file '/root/.openclaw/workspace/scripts/cron-dashboard-updater.py': [Errno 2] No such file or directory
/usr/bin/python3: can't open file '/root/.openclaw/workspace/scripts/cron-dashboard-updater.py': [Errno 2] No such file or directory
/usr/bin/python3: can't open file '/root/.openclaw/workspace/scripts/cron-dashboard-updater.py': [Errno 2] No such file or directory
/usr/bin/python3: can't open file '/root/.openclaw/workspace/scripts/cron-dashboard-updater.py': [Errno 2] No such file or directory
/usr/bin/python3: can't open file '/root/.openclaw/workspace/scripts/cron-dashboard-updater.py': [Errno 2] No such file or directory
/usr/bin/python3: can't open file '/root/.openclaw/workspace/scripts/cron-dashboard-updater.py': [Errno 2] No such file or directory
/usr/bin/python3: can't open file '/root/.openclaw/workspace/scripts/cron-dashboard-updater.py': [Errno 2] No such file or directory
/usr/bin/python3: can't open file '/root/.openclaw/workspace/scripts/cron-dashboard-updater.py': [Errno 2] No such file or directory
[2026-04-11T13:00:02.194751+02:00] Starting Cron Dashboard Update...
Discovered 25 crons (25 system, 0 openclaw)

Update Summary:
  Created: 0
  Updated: 25

Summary saved to /root/.openclaw/workspace/logs/cron-dashboard-summary.json
[2026-04-11T14:00:04.464995+02:00] Starting Cron Dashboard Update...
Discovered 25 crons (25 system, 0 openclaw)

Update Summary:
  Created: 0
  Updated: 25
  Errors: 1
    - Error parsing openclaw crons: Command '['openclaw', 'cron', 'list']' timed out after 15 seconds

Summary saved to /root/.openclaw/workspace/logs/cron-dashboard-summary.json
[2026-04-11T15:00:02.143541+02:00] Starting Cron Dashboard Update...
Discovered 25 crons (25 system, 0 openclaw)

Update Summary:
  Created: 0
  Updated: 25

Summary saved to /root/.openclaw/workspace/logs/cron-dashboard-summary.json
[2026-04-11T16:00:03.297127+02:00] Starting Cron Dashboard Update...
Discovered 25 crons (25 system, 0 openclaw)

Update Summary:
  Created: 0
  Updated: 25
  Errors: 1
    - Error parsing openclaw crons: Command '['openclaw', 'cron', 'list']' timed out after 15 seconds

Summary saved to /root/.openclaw/workspace/logs/cron-dashboard-summary.json
[2026-04-11T17:00:01.915097+02:00] Starting Cron Dashboard Update...
Discovered 25 crons (25 system, 0 openclaw)

Update Summary:
  Created: 0
  Updated: 25
  Errors: 1
    - Error parsing openclaw crons: Command '['openclaw', 'cron', 'list']' timed out after 15 seconds

Summary saved to /root/.openclaw/workspace/logs/cron-dashboard-summary.json
[2026-04-11T18:00:03.445137+02:00] Starting Cron Dashboard Update...
Discovered 25 crons (25 system, 0 openclaw)

Update Summary:
  Created: 0
  Updated: 25
  Errors: 1
    - Error parsing openclaw crons: Command '['openclaw', 'cron', 'list']' timed out after 15 seconds

Summary saved to /root/.openclaw/workspace/logs/cron-dashboard-summary.json
[2026-04-11T19:00:02.234666+02:00] Starting Cron Dashboard Update...
Discovered 25 crons (25 system, 0 openclaw)

Update Summary:
  Created: 0
  Updated: 25
  Errors: 1
    - Error parsing openclaw crons: Command '['openclaw', 'cron', 'list']' timed out after 15 seconds

Summary saved to /root/.openclaw/workspace/logs/cron-dashboard-summary.json
[2026-04-11T20:00:04.414051+02:00] Starting Cron Dashboard Update...
Discovered 25 crons (25 system, 0 openclaw)

Update Summary:
  Created: 0
  Updated: 25
  Errors: 1
    - Error parsing openclaw crons: Command '['openclaw', 'cron', 'list']' timed out after 15 seconds

Summary saved to /root/.openclaw/workspace/logs/cron-dashboard-summary.json
[2026-04-11T21:00:01.894770+02:00] Starting Cron Dashboard Update...
Discovered 25 crons (25 system, 0 openclaw)

Update Summary:
  Created: 0
  Updated: 24
  Errors: 2
    - Error parsing openclaw crons: Command '['openclaw', 'cron', 'list']' timed out after 15 seconds
    - Exception updating page 'cron-watchdog-v3.sh': HTTPSConnectionPool(host='api.notion.com', port=443): Read timed out. (read timeout=10)

Summary saved to /root/.openclaw/workspace/logs/cron-dashboard-summary.json
[2026-04-11T22:00:02.053998+02:00] Starting Cron Dashboard Update...
Discovered 25 crons (25 system, 0 openclaw)

Update Summary:
  Created: 0
  Updated: 25
  Errors: 1
    - Error parsing openclaw crons: Command '['openclaw', 'cron', 'list']' timed out after 15 seconds

Summary saved to /root/.openclaw/workspace/logs/cron-dashboard-summary.json
[2026-04-11T23:00:02.391041+02:00] Starting Cron Dashboard Update...
Discovered 25 crons (25 system, 0 openclaw)

Update Summary:
  Created: 0
  Updated: 25
  Errors: 1
    - Error parsing openclaw crons: Command '['openclaw', 'cron', 'list']' timed out after 15 seconds

Summary saved to /root/.openclaw/workspace/logs/cron-dashboard-summary.json
[2026-04-12T00:00:02.469047+02:00] Starting Cron Dashboard Update...
Discovered 25 crons (25 system, 0 openclaw)

Update Summary:
  Created: 0
  Updated: 24
  Errors: 2
    - Error parsing openclaw crons: Command '['openclaw', 'cron', 'list']' timed out after 15 seconds
    - Exception updating page 'autoresearch-job-review.log 2>&1': HTTPSConnectionPool(host='api.notion.com', port=443): Read timed out. (read timeout=10)

Summary saved to /root/.openclaw/workspace/logs/cron-dashboard-summary.json
[2026-04-12T01:00:03.383648+02:00] Starting Cron Dashboard Update...
Discovered 25 crons (25 system, 0 openclaw)

Update Summary:
  Created: 0
  Updated: 25
  Errors: 1
    - Error parsing openclaw crons: Command '['openclaw', 'cron', 'list']' timed out after 15 seconds

Summary saved to /root/.openclaw/workspace/logs/cron-dashboard-summary.json
[2026-04-12T02:00:06.451963+02:00] Starting Cron Dashboard Update...
Discovered 25 crons (25 system, 0 openclaw)

Update Summary:
  Created: 0
  Updated: 25
  Errors: 1
    - Error parsing openclaw crons: Command '['openclaw', 'cron', 'list']' timed out after 15 seconds

Summary saved to /root/.openclaw/workspace/logs/cron-dashboard-summary.json
[2026-04-12T03:00:02.730145+02:00] Starting Cron Dashboard Update...
Discovered 25 crons (25 system, 0 openclaw)

Update Summary:
  Created: 0
  Updated: 25
  Errors: 1
    - Error parsing openclaw crons: Command '['openclaw', 'cron', 'list']' timed out after 15 seconds

Summary saved to /root/.openclaw/workspace/logs/cron-dashboard-summary.json
[2026-04-12T04:00:05.310501+02:00] Starting Cron Dashboard Update...
Discovered 25 crons (25 system, 0 openclaw)

Update Summary:
  Created: 0
  Updated: 25
  Errors: 1
    - Error parsing openclaw crons: Command '['openclaw', 'cron', 'list']' timed out after 15 seconds

Summary saved to /root/.openclaw/workspace/logs/cron-dashboard-summary.json
[2026-04-12T05:00:02.280904+02:00] Starting Cron Dashboard Update...
Discovered 25 crons (25 system, 0 openclaw)

Update Summary:
  Created: 0
  Updated: 25
  Errors: 1
    - Error parsing openclaw crons: Command '['openclaw', 'cron', 'list']' timed out after 15 seconds

Summary saved to /root/.openclaw/workspace/logs/cron-dashboard-summary.json
[2026-04-12T06:00:03.348998+02:00] Starting Cron Dashboard Update...
Discovered 25 crons (25 system, 0 openclaw)

Update Summary:
  Created: 0
  Updated: 24
  Errors: 2
    - Error parsing openclaw crons: Command '['openclaw', 'cron', 'list']' timed out after 15 seconds
    - Exception updating page 'run-briefing-pipeline.sh': HTTPSConnectionPool(host='api.notion.com', port=443): Read timed out. (read timeout=10)

Summary saved to /root/.openclaw/workspace/logs/cron-dashboard-summary.json
[2026-04-12T07:00:01.750557+02:00] Starting Cron Dashboard Update...
Discovered 25 crons (25 system, 0 openclaw)

Update Summary:
  Created: 0
  Updated: 24
  Errors: 2
    - Error parsing openclaw crons: Command '['openclaw', 'cron', 'list']' timed out after 15 seconds
    - Exception updating page 'content-factory-health-monitor.py': HTTPSConnectionPool(host='api.notion.com', port=443): Read timed out. (read timeout=10)

Summary saved to /root/.openclaw/workspace/logs/cron-dashboard-summary.json
