
🔧 Maintenance Report
========================================

🔗 ORPHAN ENTITIES (1):
  [company] Network International — no inbound or outbound links

📅 TIMELINE GAPS (7):
  [role] Senior PM - UAE — Delphi — last activity: 2026-02-10
  [role] Senior Program Manager — Nabat — last activity: 2026-02-15
  [role] Head of Engineering — Discovered MENA — last activity: 2026-03-19
  [role] Managing Director — Macdonald & Company — last activity: 2026-03-19
  [role] Associate Director Product Management FSI KSA — Publicis Sapient — last activity: 2026-03-19
  [role] CTO - Smart Metering Programme — Talan — last activity: 2026-03-19
  [company] Network International — last activity: 2026-03-20

📋 OPEN THREADS (4):
  [person] Lee Abrahams: Attend video screen call (Tuesday April 7 or later, after 1 PM Cairo)
  [person] Lee Abrahams: Prepare for Proximie Transformation Lead interview
  [company] Network International: Check if Network International has open senior roles (April 2026)
  [company] Network International: Identify hiring managers or recruiters at Network
  [company] Proximie: Complete video screen with Lee Abrahams
  [company] Proximie: Research Proximie before interview
  [role] Transformation Lead, UAE — Proximie: Video screen with Lee (Tuesday April 7+, 1 PM Cairo)
  [role] Transformation Lead, UAE — Proximie: Prepare 2-3 transformation stories from PMO career
  [role] Transformation Lead, UAE — Proximie: Research Proximie's GCC expansion

🔧 Maintenance Report
========================================

🔗 ORPHAN ENTITIES (1):
  [company] Network International — no inbound or outbound links

📅 TIMELINE GAPS (7):
  [role] Senior PM - UAE — Delphi — last activity: 2026-02-10
  [role] Senior Program Manager — Nabat — last activity: 2026-02-15
  [role] Head of Engineering — Discovered MENA — last activity: 2026-03-19
  [role] Managing Director — Macdonald & Company — last activity: 2026-03-19
  [role] Associate Director Product Management FSI KSA — Publicis Sapient — last activity: 2026-03-19
  [role] CTO - Smart Metering Programme — Talan — last activity: 2026-03-19
  [company] Network International — last activity: 2026-03-20

📋 OPEN THREADS (4):
  [person] Lee Abrahams: Attend video screen call (Tuesday April 7 or later, after 1 PM Cairo)
  [person] Lee Abrahams: Prepare for Proximie Transformation Lead interview
  [company] Network International: Check if Network International has open senior roles (April 2026)
  [company] Network International: Identify hiring managers or recruiters at Network
  [company] Proximie: Complete video screen with Lee Abrahams
  [company] Proximie: Research Proximie before interview
  [role] Transformation Lead, UAE — Proximie: Video screen with Lee (Tuesday April 7+, 1 PM Cairo)
  [role] Transformation Lead, UAE — Proximie: Prepare 2-3 transformation stories from PMO career
  [role] Transformation Lead, UAE — Proximie: Research Proximie's GCC expansion

🔧 Maintenance Report
========================================

🔗 ORPHAN ENTITIES (1):
  [company] Network International — no inbound or outbound links

📅 TIMELINE GAPS (7):
  [role] Senior PM - UAE — Delphi — last activity: 2026-02-10
  [role] Senior Program Manager — Nabat — last activity: 2026-02-15
  [role] Head of Engineering — Discovered MENA — last activity: 2026-03-19
  [role] Managing Director — Macdonald & Company — last activity: 2026-03-19
  [role] Associate Director Product Management FSI KSA — Publicis Sapient — last activity: 2026-03-19
  [role] CTO - Smart Metering Programme — Talan — last activity: 2026-03-19
  [company] Network International — last activity: 2026-03-20

📋 OPEN THREADS (4):
  [person] Lee Abrahams: Attend video screen call (Tuesday April 7 or later, after 1 PM Cairo)
  [person] Lee Abrahams: Prepare for Proximie Transformation Lead interview
  [company] Network International: Check if Network International has open senior roles (April 2026)
  [company] Network International: Identify hiring managers or recruiters at Network
  [company] Proximie: Complete video screen with Lee Abrahams
  [company] Proximie: Research Proximie before interview
  [role] Transformation Lead, UAE — Proximie: Video screen with Lee (Tuesday April 7+, 1 PM Cairo)
  [role] Transformation Lead, UAE — Proximie: Prepare 2-3 transformation stories from PMO career
  [role] Transformation Lead, UAE — Proximie: Research Proximie's GCC expansion

🔧 Maintenance Report
========================================

🔗 ORPHAN ENTITIES (1):
  [company] Network International — no inbound or outbound links

📅 TIMELINE GAPS (7):
  [role] Senior PM - UAE — Delphi — last activity: 2026-02-10
  [role] Senior Program Manager — Nabat — last activity: 2026-02-15
  [role] Head of Engineering — Discovered MENA — last activity: 2026-03-19
  [role] Managing Director — Macdonald & Company — last activity: 2026-03-19
  [role] Associate Director Product Management FSI KSA — Publicis Sapient — last activity: 2026-03-19
  [role] CTO - Smart Metering Programme — Talan — last activity: 2026-03-19
  [company] Network International — last activity: 2026-03-20

📋 OPEN THREADS (4):
  [person] Lee Abrahams: Attend video screen call (Tuesday April 7 or later, after 1 PM Cairo)
  [person] Lee Abrahams: Prepare for Proximie Transformation Lead interview
  [company] Network International: Check if Network International has open senior roles (April 2026)
  [company] Network International: Identify hiring managers or recruiters at Network
  [company] Proximie: Complete video screen with Lee Abrahams
  [company] Proximie: Research Proximie before interview
  [role] Transformation Lead, UAE — Proximie: Video screen with Lee (Tuesday April 7+, 1 PM Cairo)
  [role] Transformation Lead, UAE — Proximie: Prepare 2-3 transformation stories from PMO career
  [role] Transformation Lead, UAE — Proximie: Research Proximie's GCC expansion

🔧 Maintenance Report
========================================

🔗 ORPHAN ENTITIES (1):
  [company] Network International — no inbound or outbound links

📅 TIMELINE GAPS (7):
  [role] Senior PM - UAE — Delphi — last activity: 2026-02-10
  [role] Senior Program Manager — Nabat — last activity: 2026-02-15
  [role] Head of Engineering — Discovered MENA — last activity: 2026-03-19
  [role] Managing Director — Macdonald & Company — last activity: 2026-03-19
  [role] Associate Director Product Management FSI KSA — Publicis Sapient — last activity: 2026-03-19
  [role] CTO - Smart Metering Programme — Talan — last activity: 2026-03-19
  [company] Network International — last activity: 2026-03-20

📋 OPEN THREADS (4):
  [person] Lee Abrahams: Attend video screen call (Tuesday April 7 or later, after 1 PM Cairo)
  [person] Lee Abrahams: Prepare for Proximie Transformation Lead interview
  [company] Network International: Check if Network International has open senior roles (April 2026)
  [company] Network International: Identify hiring managers or recruiters at Network
  [company] Proximie: Complete video screen with Lee Abrahams
  [company] Proximie: Research Proximie before interview
  [role] Transformation Lead, UAE — Proximie: Video screen with Lee (Tuesday April 7+, 1 PM Cairo)
  [role] Transformation Lead, UAE — Proximie: Prepare 2-3 transformation stories from PMO career
  [role] Transformation Lead, UAE — Proximie: Research Proximie's GCC expansion
