[2026-04-02T05:05:00Z] ERROR — session-watchdog cron BLOCKED: exec denied in cron mode. 'bash' not on allowlist. Policy: security=allowlist ask=on-miss askFallback=deny. Fix: add bash/sh to exec allowlist, or set security=full + ask=off for trusted automation. Reset=0 Skipped=0.
[2026-04-02T05:42:00Z] ERROR — session-watchdog cron BLOCKED: exec denied in cron mode. Same cause. Reset=0 Skipped=0.
[2026-04-02T11:15:30Z] RESET [main] 0f707e85-acd9-46ed-9c52-b20092bc931c-topic-10.jsonl — was 3MB → archived to 0f707e85-acd9-46ed-9c52-b20092bc931c-topic-10.20260402T111530Z.jsonl.gz
[2026-04-02T11:15:32Z] RESET [main] 505ce5d9-c7bf-47b1-9c7d-4570427ef123.jsonl — was 3MB → archived to 505ce5d9-c7bf-47b1-9c7d-4570427ef123.20260402T111532Z.jsonl.gz
[2026-04-02T11:15:35Z] SKIP [cto] 73f17151-a805-4708-bb5b-dd91a5a790bd.jsonl — locked by live PID 670265 (1MB)
[2026-04-02T11:15:35Z] SKIP [cto] 6d906346-fb20-4499-944d-3172fe370429-topic-8.jsonl — locked by live PID 670265 (1MB)
[2026-04-02T11:15:36Z] RESET [cmo] f1b7cec8-0d56-489a-9ff2-95e9e81f929a-topic-7.jsonl — was 5MB → archived to f1b7cec8-0d56-489a-9ff2-95e9e81f929a-topic-7.20260402T111536Z.jsonl.gz
[2026-04-02T11:15:36Z] Done — reset=3 skipped=2
[2026-04-03T02:43:18Z] SKIP [cto] 324dca10-8da7-442f-af7c-8eb04ed552d3.jsonl — locked by live PID 689384 (1MB)
[2026-04-03T02:43:18Z] Done — reset=0 skipped=1
[2026-04-03T05:11:33Z] RESET [main] 91823f8f-ed89-42ed-b92c-a5701a1e2244.jsonl — was 3MB → archived to 91823f8f-ed89-42ed-b92c-a5701a1e2244.20260403T051133Z.jsonl.gz
[2026-04-03T05:11:34Z] SKIP [cto] c91888cd-add2-4064-8ded-ebde4d56023e.jsonl — locked by live PID 705226 (1MB)
[2026-04-03T05:11:35Z] Done — reset=1 skipped=1
[2026-04-04T01:03:37Z] RESET [main] d95cb44e-faac-4ff3-afd9-c35e258a6dfb.jsonl — was 3MB → archived to d95cb44e-faac-4ff3-afd9-c35e258a6dfb.20260404T010337Z.jsonl.gz
[2026-04-04T01:03:38Z] SKIP [cto] 2bbe1418-71e1-4752-b69a-6862ab0dba5d.jsonl — locked by live PID 722638 (1MB)
[2026-04-04T01:03:38Z] Done — reset=1 skipped=1
[2026-04-05T01:03:25Z] SKIP [cto] e22652e9-b268-45bb-b168-7046c5a52098.jsonl — locked by live PID 734469 (1MB)
[2026-04-05T01:03:26Z] Done — reset=0 skipped=1
[2026-04-06T01:03:22Z] RESET [main] 2a82b380-d869-40fd-bc34-76ea8c4106b4.jsonl — was 3MB → archived to 2a82b380-d869-40fd-bc34-76ea8c4106b4.20260406T010322Z.jsonl.gz
[2026-04-06T01:03:23Z] SKIP [cto] 2d3b6622-ddb2-4284-bf8c-a7621698b485.jsonl — locked by live PID 734469 (1MB)
[2026-04-06T01:03:24Z] Done — reset=1 skipped=1
[2026-04-07T01:02:03Z] RESET [main] c5bc3a7e-18d4-4920-a45f-df40ba2115cb.jsonl — was 5MB → archived to c5bc3a7e-18d4-4920-a45f-df40ba2115cb.20260407T010202Z.jsonl.gz
[2026-04-07T01:02:03Z] SKIP [cto] 59c98288-a05a-4806-80ca-c7392dfa6251.jsonl — locked by live PID 873295 (1MB)
[2026-04-07T01:02:03Z] RESET [cto] f4cfa4ce-e0cf-4131-b878-66568c0005ed-topic-8.jsonl — was 3MB → archived to f4cfa4ce-e0cf-4131-b878-66568c0005ed-topic-8.20260407T010203Z.jsonl.gz
[2026-04-07T01:02:04Z] Done — reset=2 skipped=1
[2026-04-08T01:03:32Z] RESET [main] a3fce94a-590e-43e4-bbc1-652e55e240e3.jsonl — was 3MB → archived to a3fce94a-590e-43e4-bbc1-652e55e240e3.20260408T010332Z.jsonl.gz
[2026-04-08T01:03:33Z] RESET [main] c5bc3a7e-18d4-4920-a45f-df40ba2115cb.jsonl — was 3MB → archived to c5bc3a7e-18d4-4920-a45f-df40ba2115cb.20260408T010333Z.jsonl.gz
[2026-04-08T01:03:34Z] SKIP [cto] 367c7852-332e-404a-957c-ff74703fb55c.jsonl — locked by live PID 1028110 (1MB)
[2026-04-08T01:03:34Z] Done — reset=2 skipped=1
[2026-04-09T01:02:51Z] RESET [main] a3fce94a-590e-43e4-bbc1-652e55e240e3.jsonl — was 5MB → archived to a3fce94a-590e-43e4-bbc1-652e55e240e3.20260409T010251Z.jsonl.gz
[2026-04-09T01:02:52Z] RESET [main] f6dc568c-58fb-47d4-96a7-c5c9c8cb3011.jsonl — was 6MB → archived to f6dc568c-58fb-47d4-96a7-c5c9c8cb3011.20260409T010251Z.jsonl.gz
[2026-04-09T01:02:53Z] SKIP [cto] 99973440-072e-4a50-b953-29d627653a70.jsonl — locked by live PID 1128860 (1MB)
[2026-04-09T01:02:54Z] Done — reset=2 skipped=1
[2026-04-10T01:02:16Z] RESET [main] bc4fb139-a7a0-4e7c-a904-181208976475.jsonl — was 3MB → archived to bc4fb139-a7a0-4e7c-a904-181208976475.20260410T010216Z.jsonl.gz
[2026-04-10T01:02:18Z] RESET [cto] f4cfa4ce-e0cf-4131-b878-66568c0005ed-topic-8.jsonl — was 3MB → archived to f4cfa4ce-e0cf-4131-b878-66568c0005ed-topic-8.20260410T010218Z.jsonl.gz
[2026-04-10T01:02:18Z] SKIP [cto] a200a16a-e745-4788-833c-81d3a74273e9.jsonl — locked by live PID 1418790 (1MB)
[2026-04-10T01:02:19Z] Done — reset=2 skipped=1
[2026-04-11T01:02:33Z] SKIP [cto] 9c577a84-1fdb-44dd-95f8-451b32fc2c3c.jsonl — locked by live PID 1501808 (1MB)
[2026-04-11T01:02:33Z] Done — reset=0 skipped=1
[2026-04-12T01:02:16Z] RESET [main] e8ac913a-ccd0-416c-8bca-8a47bac102db.jsonl was 12MB -> archived to e8ac913a-ccd0-416c-8bca-8a47bac102db.20260412T010215Z.jsonl.gz
[2026-04-12T01:02:18Z] SKIP [cto] 6d0cba4f-f17d-4797-8306-05c2087f1fa5.jsonl locked by live PID 1670490 (1MB)
[2026-04-12T01:02:19Z] Done reset=1 skipped=1 errors=0
[2026-04-13T01:03:21Z] RESET [hr] 86e78db7-bcc1-4b64-8331-9ebdf731aa47-topic-9.jsonl was 6MB -> archived to 86e78db7-bcc1-4b64-8331-9ebdf731aa47-topic-9.20260413T010321Z.jsonl.gz
[2026-04-13T01:03:22Z] RESET [cto] 1d40e8fd-5d5c-4d23-bbfc-3d6de38ee970-topic-8.jsonl was 3MB -> archived to 1d40e8fd-5d5c-4d23-bbfc-3d6de38ee970-topic-8.20260413T010322Z.jsonl.gz
[2026-04-13T01:03:22Z] SKIP [cto] ac4a3c0a-71cc-4d58-9d57-594a5181aa91.jsonl locked by live PID 1802508 (1MB)
[2026-04-13T01:03:23Z] RESET [cmo] d6b08b72-c138-47d8-b424-3f2bb21eaad9-topic-7.jsonl was 3MB -> archived to d6b08b72-c138-47d8-b424-3f2bb21eaad9-topic-7.20260413T010323Z.jsonl.gz
[2026-04-13T01:03:23Z] Done reset=3 skipped=1 errors=0
[2026-04-14T01:03:26Z] SKIP [cto] 106783dd-f9a7-4249-89d8-60d141f79592.jsonl locked by live PID 1853534 (1MB)
[2026-04-14T01:03:27Z] Done reset=0 skipped=1 errors=0
[2026-04-15T01:04:02Z] RESET [hr] cdc8764b-617a-4543-9433-6ae634f9b5d4-topic-9.jsonl was 3MB -> archived to cdc8764b-617a-4543-9433-6ae634f9b5d4-topic-9.20260415T010402Z.jsonl.gz
[2026-04-15T01:04:04Z] SKIP [cto] 15fc0612-80b3-45dc-8ff3-55fd34a47231.jsonl locked by live PID 1853534 (1MB)
[2026-04-15T01:04:05Z] Done reset=1 skipped=1 errors=0
[2026-04-16T01:03:17Z] RESET [main] 2c0c586d-d711-4e3f-851e-8127f7350116.jsonl was 4MB -> archived to 2c0c586d-d711-4e3f-851e-8127f7350116.20260416T010317Z.jsonl.gz
[2026-04-16T01:03:19Z] SKIP [cto] 8a5c2f21-c0e1-4df5-bdf8-9ab9c21df34a.jsonl locked by live PID 1921336 (1MB)
[2026-04-16T01:03:20Z] RESET [cmo] e2803d19-c66e-4ed9-8344-3ca3fa7c64f1-topic-7.jsonl was 3MB -> archived to e2803d19-c66e-4ed9-8344-3ca3fa7c64f1-topic-7.20260416T010320Z.jsonl.gz
[2026-04-16T01:03:20Z] Done reset=2 skipped=1 errors=0
[2026-04-17T01:04:52Z] RESET [hr] eff5837e-9765-4048-bd59-be8a449463a7-topic-9.jsonl was 3MB -> archived to eff5837e-9765-4048-bd59-be8a449463a7-topic-9.20260417T010452Z.jsonl.gz
[2026-04-17T01:04:54Z] SKIP [cto] 39e82ae6-2f70-4645-82d3-9d1f6610cbcf.jsonl locked by live PID 1921336 (1MB)
[2026-04-17T01:04:54Z] RESET [cto] 6d906346-fb20-4499-944d-3172fe370429-topic-8.jsonl was 3MB -> archived to 6d906346-fb20-4499-944d-3172fe370429-topic-8.20260417T010454Z.jsonl.gz
[2026-04-17T01:04:55Z] Done reset=2 skipped=1 errors=0
[2026-04-18T01:04:21Z] RESET [main] e4702fa1-165f-4a6b-817d-e14118a2a306.jsonl was 7MB -> archived to e4702fa1-165f-4a6b-817d-e14118a2a306.20260418T010420Z.jsonl.gz
[2026-04-18T01:04:21Z] RESET [hr] cdc8764b-617a-4543-9433-6ae634f9b5d4-topic-9.jsonl was 3MB -> archived to cdc8764b-617a-4543-9433-6ae634f9b5d4-topic-9.20260418T010421Z.jsonl.gz
[2026-04-18T01:04:24Z] SKIP [cto] 5238abe1-b5a7-41a6-9e5a-83a0d1c45bcc.jsonl locked by live PID 2005380 (1MB)
[2026-04-18T01:04:24Z] RESET [cmo] ed515fbb-7d9e-4e1d-980c-e8e9214e3cb7.jsonl was 9MB -> archived to ed515fbb-7d9e-4e1d-980c-e8e9214e3cb7.20260418T010424Z.jsonl.gz
[2026-04-18T01:04:24Z] Done reset=3 skipped=1 errors=0
[2026-04-19T01:04:40Z] RESET [main] 6c6983e5-b36e-4f7d-bb4e-d21610ae91b8.jsonl was 3MB -> archived to 6c6983e5-b36e-4f7d-bb4e-d21610ae91b8.20260419T010440Z.jsonl.gz
[2026-04-19T01:04:42Z] RESET [hr] 3de8ac7a-e6a6-46a1-aed2-d2a90ea3c774-topic-9.jsonl was 7MB -> archived to 3de8ac7a-e6a6-46a1-aed2-d2a90ea3c774-topic-9.20260419T010442Z.jsonl.gz
[2026-04-19T01:04:43Z] RESET [cto] 7fa984d1-e5f2-4365-bef5-def5758ac46b-topic-8.jsonl was 3MB -> archived to 7fa984d1-e5f2-4365-bef5-def5758ac46b-topic-8.20260419T010443Z.jsonl.gz
[2026-04-19T01:04:43Z] SKIP [cto] 0607aa36-03cc-41ed-8a37-37b6a997c6f4.jsonl locked by live PID 2043661 (1MB)
[2026-04-19T01:04:44Z] Done reset=3 skipped=1 errors=0
[2026-04-20T01:04:13Z] RESET [main] 13ad6636-c2d3-4b0f-bd20-687cb77d7205.jsonl was 7MB -> archived to 13ad6636-c2d3-4b0f-bd20-687cb77d7205.20260420T010413Z.jsonl.gz
[2026-04-20T01:04:16Z] SKIP [cto] 2dd3c81e-81fb-4926-af81-a75826e91129.jsonl locked by live PID 2077562 (1MB)
[2026-04-20T01:04:17Z] Done reset=1 skipped=1 errors=0
[2026-04-21T01:04:00Z] RESET [main] facfe451-c9e4-4178-bdb9-f072d479584a.jsonl was 10MB -> archived to facfe451-c9e4-4178-bdb9-f072d479584a.20260421T010359Z.jsonl.gz
[2026-04-21T01:04:04Z] RESET [hr] 3de8ac7a-e6a6-46a1-aed2-d2a90ea3c774-topic-9.jsonl was 3MB -> archived to 3de8ac7a-e6a6-46a1-aed2-d2a90ea3c774-topic-9.20260421T010404Z.jsonl.gz
[2026-04-21T01:04:04Z] SKIP [cto] c14851f0-0f97-4368-ad9a-25f193c3466d.jsonl locked by live PID 2117660 (1MB)
[2026-04-21T01:04:05Z] Done reset=2 skipped=1 errors=0
[2026-04-22T01:04:14Z] RESET [main] 10f30b07-2d36-4c45-b7d6-a5854124630c.jsonl was 12MB -> archived to 10f30b07-2d36-4c45-b7d6-a5854124630c.20260422T010414Z.jsonl.gz
[2026-04-22T01:04:17Z] SKIP [cto] a1883e2d-1425-415f-97ed-5970c2910161.jsonl locked by live PID 2179714 (1MB)
[2026-04-22T01:04:17Z] RESET [cmo] e2803d19-c66e-4ed9-8344-3ca3fa7c64f1-topic-7.jsonl was 3MB -> archived to e2803d19-c66e-4ed9-8344-3ca3fa7c64f1-topic-7.20260422T010417Z.jsonl.gz
[2026-04-22T01:04:18Z] Done reset=2 skipped=1 errors=0
[2026-04-23T01:04:47Z] RESET [main] ee00293d-6a02-4400-8ce9-e5c2024cd073.jsonl was 6MB -> archived to ee00293d-6a02-4400-8ce9-e5c2024cd073.20260423T010447Z.jsonl.gz
[2026-04-23T01:04:49Z] SKIP [cto] 85d868e2-ae98-4738-a91a-7ffebcb3f802.jsonl locked by live PID 6384 (1MB)
[2026-04-23T01:04:50Z] RESET [cto] 7fa984d1-e5f2-4365-bef5-def5758ac46b-topic-8.jsonl was 10MB -> archived to 7fa984d1-e5f2-4365-bef5-def5758ac46b-topic-8.20260423T010449Z.jsonl.gz
[2026-04-23T01:04:51Z] Done reset=2 skipped=1 errors=0
[2026-04-24T00:06:16Z] RESET [main] 385a21d2-635a-41e6-82ac-46944b4549b1.trajectory.jsonl was 15MB -> archived to 385a21d2-635a-41e6-82ac-46944b4549b1.trajectory.20260424T000616Z.jsonl.gz
[2026-04-24T00:06:17Z] SKIP [main] 385a21d2-635a-41e6-82ac-46944b4549b1.jsonl locked by live PID 40775 (7MB)
[2026-04-24T00:06:19Z] SKIP [cto] 14d84e1e-f1b4-497f-bbb9-91c4d3f9c2f9.jsonl locked by live PID 40775 (1MB)
[2026-04-24T00:06:20Z] Done reset=1 skipped=2 errors=0
[2026-04-25T00:03:56Z] RESET [main] 385a21d2-635a-41e6-82ac-46944b4549b1.trajectory.jsonl was 49MB -> archived to 385a21d2-635a-41e6-82ac-46944b4549b1.trajectory.20260425T000354Z.jsonl.gz
[2026-04-25T00:03:56Z] RESET [main] 318f5d00-707a-4395-925e-94f2e0cf9ffa-topic-10.trajectory.jsonl was 3MB -> archived to 318f5d00-707a-4395-925e-94f2e0cf9ffa-topic-10.trajectory.20260425T000356Z.jsonl.gz
[2026-04-25T00:03:57Z] RESET [main] 385a21d2-635a-41e6-82ac-46944b4549b1.jsonl was 19MB -> archived to 385a21d2-635a-41e6-82ac-46944b4549b1.20260425T000356Z.jsonl.gz
[2026-04-25T00:03:58Z] RESET [hr] cdc8764b-617a-4543-9433-6ae634f9b5d4-topic-9.trajectory.jsonl was 7MB -> archived to cdc8764b-617a-4543-9433-6ae634f9b5d4-topic-9.trajectory.20260425T000358Z.jsonl.gz
[2026-04-25T00:03:58Z] RESET [hr] 881c5d3f-9b09-4a1e-9ca8-891df1a31a33-topic-9.trajectory.jsonl was 8MB -> archived to 881c5d3f-9b09-4a1e-9ca8-891df1a31a33-topic-9.trajectory.20260425T000358Z.jsonl.gz
[2026-04-25T00:03:59Z] RESET [cto] 8e347ea8-2ee1-4365-abae-e3da91e19c2a-topic-8.trajectory.jsonl was 12MB -> archived to 8e347ea8-2ee1-4365-abae-e3da91e19c2a-topic-8.trajectory.20260425T000359Z.jsonl.gz
[2026-04-25T00:04:00Z] RESET [cto] 1dd63ae6-77e5-4770-92dc-4e5c21380028-topic-8.trajectory.jsonl was 12MB -> archived to 1dd63ae6-77e5-4770-92dc-4e5c21380028-topic-8.trajectory.20260425T000359Z.jsonl.gz
[2026-04-25T00:04:00Z] SKIP [cto] eb8d872f-1a85-4787-bed8-b22aec7ba792.jsonl locked by live PID 77806 (1MB)
[2026-04-25T00:04:01Z] RESET [cmo] b9943fa9-7dee-44d6-a3b1-18af96774c55-topic-7.jsonl was 4MB -> archived to b9943fa9-7dee-44d6-a3b1-18af96774c55-topic-7.20260425T000401Z.jsonl.gz
[2026-04-25T00:04:03Z] RESET [cmo] b9943fa9-7dee-44d6-a3b1-18af96774c55-topic-7.trajectory.jsonl was 51MB -> archived to b9943fa9-7dee-44d6-a3b1-18af96774c55-topic-7.trajectory.20260425T000402Z.jsonl.gz
[2026-04-25T00:04:03Z] Done reset=9 skipped=1 errors=0
[2026-04-26T00:05:53Z] RESET [main] eff56784-4287-4a7d-b73b-4c51dbec3122.trajectory.jsonl was 24MB -> archived to eff56784-4287-4a7d-b73b-4c51dbec3122.trajectory.20260426T000552Z.jsonl.gz
[2026-04-26T00:05:53Z] SKIP [main] eff56784-4287-4a7d-b73b-4c51dbec3122.jsonl locked by live PID 113097 (12MB)
[2026-04-26T00:05:55Z] RESET [hr] cdc8764b-617a-4543-9433-6ae634f9b5d4-topic-9.trajectory.jsonl was 8MB -> archived to cdc8764b-617a-4543-9433-6ae634f9b5d4-topic-9.trajectory.20260426T000555Z.jsonl.gz
[2026-04-26T00:05:58Z] RESET [cto] 6d906346-fb20-4499-944d-3172fe370429-topic-8.jsonl was 3MB -> archived to 6d906346-fb20-4499-944d-3172fe370429-topic-8.20260426T000558Z.jsonl.gz
[2026-04-26T00:05:58Z] RESET [cto] 6d906346-fb20-4499-944d-3172fe370429-topic-8.trajectory.jsonl was 6MB -> archived to 6d906346-fb20-4499-944d-3172fe370429-topic-8.trajectory.20260426T000558Z.jsonl.gz
[2026-04-26T00:05:59Z] RESET [cto] 69b726ab-6831-4db5-8362-41cfd61f1d87-topic-8.trajectory.jsonl was 8MB -> archived to 69b726ab-6831-4db5-8362-41cfd61f1d87-topic-8.trajectory.20260426T000558Z.jsonl.gz
[2026-04-26T00:05:59Z] SKIP [cto] ce1042e9-3817-4afe-a507-db8914e006de.jsonl locked by live PID 113097 (1MB)
[2026-04-26T00:06:00Z] RESET [cmo] e2803d19-c66e-4ed9-8344-3ca3fa7c64f1-topic-7.trajectory.jsonl was 7MB -> archived to e2803d19-c66e-4ed9-8344-3ca3fa7c64f1-topic-7.trajectory.20260426T000559Z.jsonl.gz
[2026-04-26T00:06:00Z] RESET [cmo] 71b05de7-16fc-4b47-8aa6-b5e6224493f5-topic-7.trajectory.jsonl was 7MB -> archived to 71b05de7-16fc-4b47-8aa6-b5e6224493f5-topic-7.trajectory.20260426T000600Z.jsonl.gz
[2026-04-26T00:06:00Z] Done reset=7 skipped=2 errors=0
[2026-04-27T00:04:29Z] RESET [main] 1b68c702-8ed0-405a-8e0f-81157e466fc5.jsonl was 9MB -> archived to 1b68c702-8ed0-405a-8e0f-81157e466fc5.20260427T000428Z.jsonl.gz
[2026-04-27T00:04:29Z] RESET [main] ab807803-bd57-42a4-8024-70e954a2b9a9.trajectory.jsonl was 4MB -> archived to ab807803-bd57-42a4-8024-70e954a2b9a9.trajectory.20260427T000429Z.jsonl.gz
[2026-04-27T00:04:29Z] RESET [main] 6a0241ab-d0f0-4ae7-805b-d3844510bb00.trajectory.jsonl was 17MB -> archived to 6a0241ab-d0f0-4ae7-805b-d3844510bb00.trajectory.20260427T000429Z.jsonl.gz
[2026-04-27T00:04:30Z] RESET [main] 1b68c702-8ed0-405a-8e0f-81157e466fc5.trajectory.jsonl was 24MB -> archived to 1b68c702-8ed0-405a-8e0f-81157e466fc5.trajectory.20260427T000430Z.jsonl.gz
[2026-04-27T00:04:33Z] RESET [hr] cdc8764b-617a-4543-9433-6ae634f9b5d4-topic-9.trajectory.jsonl was 12MB -> archived to cdc8764b-617a-4543-9433-6ae634f9b5d4-topic-9.trajectory.20260427T000433Z.jsonl.gz
[2026-04-27T00:04:34Z] RESET [hr] ba3e639f-f752-4191-8fe1-77b618352716-topic-9.jsonl was 4MB -> archived to ba3e639f-f752-4191-8fe1-77b618352716-topic-9.20260427T000433Z.jsonl.gz
[2026-04-27T00:04:34Z] RESET [hr] ba3e639f-f752-4191-8fe1-77b618352716-topic-9.trajectory.jsonl was 19MB -> archived to ba3e639f-f752-4191-8fe1-77b618352716-topic-9.trajectory.20260427T000434Z.jsonl.gz
[2026-04-27T00:04:35Z] SKIP [cto] 47307ecf-2fdb-47cf-bb08-9228dc172406.jsonl locked by live PID 131773 (1MB)
[2026-04-27T00:04:35Z] RESET [cto] f20baeca-c7a6-4b35-8206-fc57076c4142-topic-8.jsonl was 3MB -> archived to f20baeca-c7a6-4b35-8206-fc57076c4142-topic-8.20260427T000435Z.jsonl.gz
[2026-04-27T00:04:35Z] RESET [cto] 6d906346-fb20-4499-944d-3172fe370429-topic-8.trajectory.jsonl was 7MB -> archived to 6d906346-fb20-4499-944d-3172fe370429-topic-8.trajectory.20260427T000435Z.jsonl.gz
[2026-04-27T00:04:36Z] RESET [cto] 03391bd7-8e18-4429-a412-4fe497c1c2d0.trajectory.jsonl was 10MB -> archived to 03391bd7-8e18-4429-a412-4fe497c1c2d0.trajectory.20260427T000435Z.jsonl.gz
[2026-04-27T00:04:36Z] RESET [cto] f20baeca-c7a6-4b35-8206-fc57076c4142-topic-8.trajectory.jsonl was 8MB -> archived to f20baeca-c7a6-4b35-8206-fc57076c4142-topic-8.trajectory.20260427T000436Z.jsonl.gz
[2026-04-27T00:04:37Z] RESET [cmo] b1b284c7-4151-4b66-bb66-5c9a49bafd19-topic-7.trajectory.jsonl was 16MB -> archived to b1b284c7-4151-4b66-bb66-5c9a49bafd19-topic-7.trajectory.20260427T000437Z.jsonl.gz
[2026-04-27T00:04:38Z] RESET [cmo] e2803d19-c66e-4ed9-8344-3ca3fa7c64f1-topic-7.trajectory.jsonl was 6MB -> archived to e2803d19-c66e-4ed9-8344-3ca3fa7c64f1-topic-7.trajectory.20260427T000437Z.jsonl.gz
[2026-04-27T00:04:38Z] Done reset=13 skipped=1 errors=0
[2026-04-28T00:05:19Z] RESET [main] 6ef4b6cd-c831-4b8b-a802-56339f271544.trajectory.jsonl was 28MB -> archived to 6ef4b6cd-c831-4b8b-a802-56339f271544.trajectory.20260428T000518Z.jsonl.gz
[2026-04-28T00:05:22Z] RESET [main] 6ef4b6cd-c831-4b8b-a802-56339f271544.jsonl was 7MB -> archived to 6ef4b6cd-c831-4b8b-a802-56339f271544.20260428T000521Z.jsonl.gz
[2026-04-28T00:05:23Z] RESET [hr] cdc8764b-617a-4543-9433-6ae634f9b5d4-topic-9.trajectory.jsonl was 7MB -> archived to cdc8764b-617a-4543-9433-6ae634f9b5d4-topic-9.trajectory.20260428T000523Z.jsonl.gz
[2026-04-28T00:05:25Z] RESET [cto] 99d69070-c0f4-436a-a942-283d0b0a5d20-topic-8.trajectory.jsonl was 4MB -> archived to 99d69070-c0f4-436a-a942-283d0b0a5d20-topic-8.trajectory.20260428T000525Z.jsonl.gz
[2026-04-28T00:05:25Z] SKIP [cto] 377fb76e-9791-42cd-8165-dff5448b6321.jsonl locked by live PID 157924 (1MB)
[2026-04-28T00:05:25Z] RESET [cto] 6d906346-fb20-4499-944d-3172fe370429-topic-8.trajectory.jsonl was 4MB -> archived to 6d906346-fb20-4499-944d-3172fe370429-topic-8.trajectory.20260428T000525Z.jsonl.gz
[2026-04-28T00:05:27Z] RESET [cmo] acd2e90d-d2a9-4528-b444-8aff5d9f6a27-topic-7.trajectory.jsonl was 29MB -> archived to acd2e90d-d2a9-4528-b444-8aff5d9f6a27-topic-7.trajectory.20260428T000526Z.jsonl.gz
[2026-04-28T00:05:28Z] RESET [cmo] e2803d19-c66e-4ed9-8344-3ca3fa7c64f1-topic-7.trajectory.jsonl was 3MB -> archived to e2803d19-c66e-4ed9-8344-3ca3fa7c64f1-topic-7.trajectory.20260428T000528Z.jsonl.gz
[2026-04-28T00:05:29Z] RESET [cmo] acd2e90d-d2a9-4528-b444-8aff5d9f6a27-topic-7.jsonl was 19MB -> archived to acd2e90d-d2a9-4528-b444-8aff5d9f6a27-topic-7.20260428T000528Z.jsonl.gz
[2026-04-28T00:05:29Z] Done reset=8 skipped=1 errors=0
