[2026-03-31T02:48:52Z] Starting session cleanup
  sessions.json: 39M -> 33M
  Archived JSONL: 35 files
[2026-03-31T02:48:52Z] Cleanup done
[2026-03-31T06:03:52Z] Starting session cleanup
  sessions.json: 39M -> 30M
  Archived JSONL: 0 files
[2026-03-31T06:03:52Z] Cleanup done
[2026-04-01T01:07:38Z] Starting session cleanup
  sessions.json: 35M -> 18M
  Archived JSONL: 0 files
[2026-04-01T01:07:38Z] Cleanup done
[2026-04-02T06:56:21Z] Starting session cleanup
  sessions.json: 23M -> 3.0M
  Archived JSONL: 2 files
[2026-04-02T06:56:21Z] Cleanup done
[2026-04-02T16:07:13Z] Starting session cleanup
  sessions.json: 4.2M -> 3.5M
  Archived JSONL: 5 files
[2026-04-02T16:07:13Z] Cleanup done
[2026-04-03T02:43:29Z] Starting session cleanup
  sessions.json: 4.7M -> 3.9M
  Archived JSONL: 1 files
[2026-04-03T02:43:29Z] Cleanup done
[2026-04-03T05:11:47Z] Starting session cleanup
  sessions.json: 5.1M -> 4.2M
  Archived JSONL: 0 files
[2026-04-03T05:11:47Z] Cleanup done
[2026-04-04T01:03:52Z] Starting session cleanup
  sessions.json: 3.4M -> 2.8M
  Archived JSONL: 0 files
[2026-04-04T01:03:52Z] Cleanup done
[2026-04-05T01:03:42Z] Starting session cleanup
  sessions.json: 3.5M -> 2.9M
  Archived JSONL: 4 files
[2026-04-05T01:03:42Z] Cleanup done
[2026-04-06T01:03:34Z] Starting session cleanup
  sessions.json: 6.8M -> 5.4M
  Archived JSONL: 8 files
[2026-04-06T01:03:34Z] Cleanup done
[2026-04-07T01:02:43Z] Starting session cleanup
  sessions.json: 11M -> 8.4M
  Archived JSONL: 20 files
[2026-04-07T01:02:43Z] Cleanup done
[2026-04-08T01:03:49Z] Starting session cleanup
  sessions.json: 19M -> 15M
  Archived JSONL: 15 files
[2026-04-08T01:03:49Z] Cleanup done
[2026-04-09T01:03:14Z] Starting session cleanup
  sessions.json: 20M -> 14M
  Archived JSONL: 59 files
[2026-04-09T01:03:14Z] Cleanup done
[2026-04-10T01:02:37Z] Starting session cleanup
  sessions.json: 19M -> 13M
  Archived JSONL: 21 files
[2026-04-10T01:02:37Z] Cleanup done
[2026-04-11T01:02:51Z] Starting session cleanup
  sessions.json: 49M -> 34M
  Archived JSONL: 19 files
[2026-04-11T01:02:51Z] Cleanup done
[2026-04-12T01:02:35Z] Starting session cleanup
  sessions.json: 38M -> 31M (ok, pruned 1)
  Archived JSONL: 72 files
[2026-04-12T01:02:41Z] Cleanup done
[2026-04-13T01:03:43Z] Starting session cleanup
  sessions.json: 35M -> 29M (ok, pruned 1)
  Archived JSONL: 16 files
[2026-04-13T01:03:47Z] Cleanup done
[2026-04-14T01:03:56Z] Starting session cleanup
  sessions.json: 37M -> 7.9M (ok, pruned 276)
  Archived JSONL: 21 files
[2026-04-14T01:04:01Z] Cleanup done
[2026-04-15T01:04:25Z] Starting session cleanup
  sessions.json: 13M -> 8.6M (ok, pruned 20)
  Archived JSONL: 18 files
[2026-04-15T01:04:30Z] Cleanup done
[2026-04-16T01:03:38Z] Starting session cleanup
  sessions.json: 13M -> 8.4M (ok, pruned 24)
  Archived JSONL: 14 files
[2026-04-16T01:03:39Z] Cleanup done
[2026-04-17T01:05:14Z] Starting session cleanup
  sessions.json: 13M -> 7.9M (ok, pruned 27)
  Archived JSONL: 11 files
[2026-04-17T01:05:16Z] Cleanup done
[2026-04-18T01:04:44Z] Starting session cleanup
  sessions.json: 11M -> 6.6M (ok, pruned 27)
  Archived JSONL: 13 files
[2026-04-18T01:04:45Z] Cleanup done
[2026-04-19T01:05:11Z] Starting session cleanup
  sessions.json: 9.7M -> 6.0M (ok, pruned 23)
  Archived JSONL: 13 files
[2026-04-19T01:05:12Z] Cleanup done
[2026-04-20T01:04:39Z] Starting session cleanup
  sessions.json: 9.8M -> 6.2M (ok, pruned 20)
  Archived JSONL: 12 files
[2026-04-20T01:04:40Z] Cleanup done
[2026-04-21T01:04:26Z] Starting session cleanup
  sessions.json: 9.4M -> 5.9M (ok, pruned 19)
  Archived JSONL: 15 files
[2026-04-21T01:04:28Z] Cleanup done
[2026-04-22T01:04:35Z] Starting session cleanup
  sessions.json: 9.3M -> 6.1M (ok, pruned 18)
  Archived JSONL: 11 files
[2026-04-22T01:04:37Z] Cleanup done
[2026-04-23T01:05:13Z] Starting session cleanup
  sessions.json: 996K -> 776K (ok, pruned 0)
  Archived JSONL: 0 files
[2026-04-23T01:05:13Z] Cleanup done
[2026-04-24T00:06:43Z] Starting session cleanup
  sessions.json: 4.1M -> 3.2M (ok, pruned 0)
  Archived JSONL: 2 files
[2026-04-24T00:06:44Z] Cleanup done
[2026-04-25T00:04:15Z] Starting session cleanup
  sessions.json: 5.2M -> 4.1M (ok, pruned 0)
  Archived JSONL: 5 files
[2026-04-25T00:04:17Z] Cleanup done
