
============================================================
HealthTech Directory - Automated Outreach System
============================================================

============================================================
Automated Outreach System
============================================================

  ✓  1. National Wellness Partners
  ✓  2. National MedTech Solutions
  ✓  3. Arabian Medical Group
  ✓  4. Advanced Health Solutions
  ✓  5. Global Healthcare Systems
  ✓  6. Arabian Pharma Institute
  ✓  7. Royal Wellness Holdings
  ✓  8. Emirates MedTech Holdings
  ✓  9. Elite Health Center
  ✓ 10. Global Health Systems
  ✓ 11. Premier Pharma Solutions
  ✓ 12. Emirates Wellness Center
  ✓ 13. Arabian Digital Health Partners
  ✓ 14. Advanced Health Holdings
  ✓ 15. Global MedTech Holdings
  ✓ 16. Elite Pharma Group
  ✓ 17. Premier Health Systems
  ✓ 18. Gulf Medical Group
  ✓ 19. Emirates Digital Health Institute
  ✓ 20. Global Wellness Group
  ✓ 21. Elite Healthcare Center
  ✓ 22. Elite MedTech Group
  ✓ 23. Emirates Digital Health Systems
  ✓ 24. National MedTech Group
  ✓ 25. Arabian Digital Health Holdings
  ✓ 26. Royal Medical Systems
  ✓ 27. Arabian MedTech Center
  ✓ 28. Gulf Healthcare Institute
  ✓ 29. Global Digital Health Partners
  ✓ 30. Arabian MedTech Institute
  ✓ 31. Elite Pharma Center
  ✓ 32. Middle East Digital Health Group
  ✓ 33. Advanced Wellness Group
  ✓ 34. Middle East Healthcare Institute
  ✓ 35. Middle East Wellness Systems
  ✓ 36. Gulf Wellness Center
  ✓ 37. Gulf MedTech Solutions
  ✓ 38. Gulf Wellness Partners
  ✓ 39. National Healthcare Center
  ✓ 40. Royal Health Systems
  ✓ 41. Middle East MedTech Systems
  ✓ 42. National Wellness Group
  ✓ 43. Global Wellness Solutions
  ✓ 44. Gulf MedTech Institute
  ✓ 45. Gulf Health Institute
  ✓ 46. National Health Systems
  ✓ 47. Advanced Health Institute

✓ Created 47 outreach sequences
✓ Master CSV: /root/.openclaw/workspace/healthtech-directory/outreach/master-outreach.csv
✓ All sequences: /root/.openclaw/workspace/healthtech-directory/outreach/all-sequences.json

✓ Cron schedule created: outreach/outreach-cron.txt

============================================================
Outreach System Ready
============================================================

Next steps:
1. Review outreach sequences in outreach/
2. Add decision maker names to master-outreach.csv
3. Set up outreach cron jobs
4. Run: python3 check-followups.py

============================================================
HealthTech Directory - Automated Outreach System
============================================================

============================================================
Automated Outreach System
============================================================

  ✓  1. National Wellness Partners
  ✓  2. National MedTech Solutions
  ✓  3. Arabian Medical Group
  ✓  4. Advanced Health Solutions
  ✓  5. Global Healthcare Systems
  ✓  6. Arabian Pharma Institute
  ✓  7. Royal Wellness Holdings
  ✓  8. Emirates MedTech Holdings
  ✓  9. Elite Health Center
  ✓ 10. Global Health Systems
  ✓ 11. Premier Pharma Solutions
  ✓ 12. Emirates Wellness Center
  ✓ 13. Arabian Digital Health Partners
  ✓ 14. Advanced Health Holdings
  ✓ 15. Global MedTech Holdings
  ✓ 16. Elite Pharma Group
  ✓ 17. Premier Health Systems
  ✓ 18. Gulf Medical Group
  ✓ 19. Emirates Digital Health Institute
  ✓ 20. Global Wellness Group
  ✓ 21. Elite Healthcare Center
  ✓ 22. Elite MedTech Group
  ✓ 23. Emirates Digital Health Systems
  ✓ 24. National MedTech Group
  ✓ 25. Arabian Digital Health Holdings
  ✓ 26. Royal Medical Systems
  ✓ 27. Arabian MedTech Center
  ✓ 28. Gulf Healthcare Institute
  ✓ 29. Global Digital Health Partners
  ✓ 30. Arabian MedTech Institute
  ✓ 31. Elite Pharma Center
  ✓ 32. Middle East Digital Health Group
  ✓ 33. Advanced Wellness Group
  ✓ 34. Middle East Healthcare Institute
  ✓ 35. Middle East Wellness Systems
  ✓ 36. Gulf Wellness Center
  ✓ 37. Gulf MedTech Solutions
  ✓ 38. Gulf Wellness Partners
  ✓ 39. National Healthcare Center
  ✓ 40. Royal Health Systems
  ✓ 41. Middle East MedTech Systems
  ✓ 42. National Wellness Group
  ✓ 43. Global Wellness Solutions
  ✓ 44. Gulf MedTech Institute
  ✓ 45. Gulf Health Institute
  ✓ 46. National Health Systems
  ✓ 47. Advanced Health Institute

✓ Created 47 outreach sequences
✓ Master CSV: /root/.openclaw/workspace/healthtech-directory/outreach/master-outreach.csv
✓ All sequences: /root/.openclaw/workspace/healthtech-directory/outreach/all-sequences.json

✓ Cron schedule created: outreach/outreach-cron.txt

============================================================
Outreach System Ready
============================================================

Next steps:
1. Review outreach sequences in outreach/
2. Add decision maker names to master-outreach.csv
3. Set up outreach cron jobs
4. Run: python3 check-followups.py
